Determining if the system is big endian passed with the following output:
Change Dir: /home/lakers/Downloads/VTK/CMakeFiles/CMakeTmp

Run Build Command:/usr/bin/make "cmTryCompileExec/fast"
/usr/bin/make -f CMakeFiles/cmTryCompileExec.dir/build.make CMakeFiles/cmTryCompileExec.dir/build
make[1]: Entering directory `/home/lakers/Downloads/VTK/CMakeFiles/CMakeTmp'
/usr/bin/cmake -E cmake_progress_report /home/lakers/Downloads/VTK/CMakeFiles/CMakeTmp/CMakeFiles 1
Building C object CMakeFiles/cmTryCompileExec.dir/TestEndianess.c.o
/usr/bin/mpicc    -o CMakeFiles/cmTryCompileExec.dir/TestEndianess.c.o   -c /home/lakers/Downloads/VTK/CMakeFiles/CMakeTmp/TestEndianess.c
Linking C executable cmTryCompileExec
/usr/bin/cmake -E cmake_link_script CMakeFiles/cmTryCompileExec.dir/link.txt --verbose=1
/usr/bin/mpicc          CMakeFiles/cmTryCompileExec.dir/TestEndianess.c.o  -o cmTryCompileExec -rdynamic 
make[1]: Leaving directory `/home/lakers/Downloads/VTK/CMakeFiles/CMakeTmp'

TestEndianess.c:
/* A 16 bit integer is required. */
typedef unsigned short cmakeint16;

/* On a little endian machine, these 16bit ints will give "THIS IS LITTLE ENDIAN."
   On a big endian machine the characters will be exchanged pairwise. */
const cmakeint16 info_little[] =  {0x4854, 0x5349, 0x4920, 0x2053, 0x494c, 0x5454, 0x454c, 0x4520, 0x444e, 0x4149, 0x2e4e, 0x0000};

/* on a big endian machine, these 16bit ints will give "THIS IS BIG ENDIAN."
   On a little endian machine the characters will be exchanged pairwise. */
const cmakeint16 info_big[] =     {0x5448, 0x4953, 0x2049, 0x5320, 0x4249, 0x4720, 0x454e, 0x4449, 0x414e, 0x2e2e, 0x0000};

#ifdef __CLASSIC_C__
int main(argc, argv) int argc; char *argv[];
#else
int main(int argc, char *argv[])
#endif
{
  int require = 0;
  require += info_little[argc];
  require += info_big[argc];
  (void)argv;
  return require;
}


Determining if the function pthread_create exists in the pthreads failed with the following output:
Change Dir: /home/lakers/Downloads/VTK/CMakeFiles/CMakeTmp

Run Build Command:/usr/bin/make "cmTryCompileExec/fast"
/usr/bin/make -f CMakeFiles/cmTryCompileExec.dir/build.make CMakeFiles/cmTryCompileExec.dir/build
make[1]: Entering directory `/home/lakers/Downloads/VTK/CMakeFiles/CMakeTmp'
/usr/bin/cmake -E cmake_progress_report /home/lakers/Downloads/VTK/CMakeFiles/CMakeTmp/CMakeFiles 1
Building C object CMakeFiles/cmTryCompileExec.dir/CheckFunctionExists.c.o
/usr/bin/mpicc   -DCHECK_FUNCTION_EXISTS=pthread_create   -o CMakeFiles/cmTryCompileExec.dir/CheckFunctionExists.c.o   -c /usr/share/cmake-2.8/Modules/CheckFunctionExists.c
Linking C executable cmTryCompileExec
/usr/bin/cmake -E cmake_link_script CMakeFiles/cmTryCompileExec.dir/link.txt --verbose=1
/usr/bin/mpicc      -DCHECK_FUNCTION_EXISTS=pthread_create    CMakeFiles/cmTryCompileExec.dir/CheckFunctionExists.c.o  -o cmTryCompileExec -rdynamic -lpthreads 
/usr/bin/ld: error: cannot find -lpthreads
collect2: ld returned 1 exit status
make[1]: *** [cmTryCompileExec] Error 1
make[1]: Leaving directory `/home/lakers/Downloads/VTK/CMakeFiles/CMakeTmp'
make: *** [cmTryCompileExec/fast] Error 2


Determining size of __int64 failed with the following output:
Change Dir: /home/lakers/Downloads/VTK/CMakeFiles/CMakeTmp

Run Build Command:/usr/bin/make "cmTryCompileExec/fast"
/usr/bin/make -f CMakeFiles/cmTryCompileExec.dir/build.make CMakeFiles/cmTryCompileExec.dir/build
make[1]: Entering directory `/home/lakers/Downloads/VTK/CMakeFiles/CMakeTmp'
/usr/bin/cmake -E cmake_progress_report /home/lakers/Downloads/VTK/CMakeFiles/CMakeTmp/CMakeFiles 1
Building C object CMakeFiles/cmTryCompileExec.dir/VTK_SIZEOF___INT64.c.o
/usr/bin/mpicc    -o CMakeFiles/cmTryCompileExec.dir/VTK_SIZEOF___INT64.c.o   -c /home/lakers/Downloads/VTK/CMakeFiles/CheckTypeSize/VTK_SIZEOF___INT64.c
/home/lakers/Downloads/VTK/CMakeFiles/CheckTypeSize/VTK_SIZEOF___INT64.c:19:12: error: ‘__int64’ undeclared here (not in a function)
make[1]: *** [CMakeFiles/cmTryCompileExec.dir/VTK_SIZEOF___INT64.c.o] Error 1
make[1]: Leaving directory `/home/lakers/Downloads/VTK/CMakeFiles/CMakeTmp'
make: *** [cmTryCompileExec/fast] Error 2

/home/lakers/Downloads/VTK/CMakeFiles/CheckTypeSize/VTK_SIZEOF___INT64.c:
#include <sys/types.h>
#include <stdint.h>
#include <stddef.h>


#undef KEY
#if defined(__i386)
# define KEY '_','_','i','3','8','6'
#elif defined(__x86_64)
# define KEY '_','_','x','8','6','_','6','4'
#elif defined(__ppc__)
# define KEY '_','_','p','p','c','_','_'
#elif defined(__ppc64__)
# define KEY '_','_','p','p','c','6','4','_','_'
#endif

#define SIZE (sizeof(__int64))
char info_size[] =  {'I', 'N', 'F', 'O', ':', 's','i','z','e','[',
  ('0' + ((SIZE / 10000)%10)),
  ('0' + ((SIZE / 1000)%10)),
  ('0' + ((SIZE / 100)%10)),
  ('0' + ((SIZE / 10)%10)),
  ('0' +  (SIZE    % 10)),
  ']',
#ifdef KEY
  ' ','k','e','y','[', KEY, ']',
#endif
  '\0'};

#ifdef __CLASSIC_C__
int main(argc, argv) int argc; char *argv[];
#else
int main(int argc, char *argv[])
#endif
{
  int require = 0;
  require += info_size[argc];
  (void)argv;
  return require;
}


Determining if the function getsockname exists in the socket failed with the following output:
Change Dir: /home/lakers/Downloads/VTK/CMakeFiles/CMakeTmp

Run Build Command:/usr/bin/make "cmTryCompileExec/fast"
/usr/bin/make -f CMakeFiles/cmTryCompileExec.dir/build.make CMakeFiles/cmTryCompileExec.dir/build
make[1]: Entering directory `/home/lakers/Downloads/VTK/CMakeFiles/CMakeTmp'
/usr/bin/cmake -E cmake_progress_report /home/lakers/Downloads/VTK/CMakeFiles/CMakeTmp/CMakeFiles 1
Building C object CMakeFiles/cmTryCompileExec.dir/CheckFunctionExists.c.o
/usr/bin/mpicc   -DCHECK_FUNCTION_EXISTS=getsockname   -o CMakeFiles/cmTryCompileExec.dir/CheckFunctionExists.c.o   -c /usr/share/cmake-2.8/Modules/CheckFunctionExists.c
Linking C executable cmTryCompileExec
/usr/bin/cmake -E cmake_link_script CMakeFiles/cmTryCompileExec.dir/link.txt --verbose=1
/usr/bin/mpicc      -DCHECK_FUNCTION_EXISTS=getsockname    CMakeFiles/cmTryCompileExec.dir/CheckFunctionExists.c.o  -o cmTryCompileExec -rdynamic -lsocket 
/usr/bin/ld: error: cannot find -lsocket
collect2: ld returned 1 exit status
make[1]: *** [cmTryCompileExec] Error 1
make[1]: Leaving directory `/home/lakers/Downloads/VTK/CMakeFiles/CMakeTmp'
make: *** [cmTryCompileExec/fast] Error 2


Determining if the include file iostream.h exists failed with the following output:
Change Dir: /home/lakers/Downloads/VTK/CMakeFiles/CMakeTmp

Run Build Command:/usr/bin/make "cmTryCompileExec/fast"
/usr/bin/make -f CMakeFiles/cmTryCompileExec.dir/build.make CMakeFiles/cmTryCompileExec.dir/build
make[1]: Entering directory `/home/lakers/Downloads/VTK/CMakeFiles/CMakeTmp'
/usr/bin/cmake -E cmake_progress_report /home/lakers/Downloads/VTK/CMakeFiles/CMakeTmp/CMakeFiles 1
Building CXX object CMakeFiles/cmTryCompileExec.dir/CheckIncludeFile.cxx.o
/usr/bin/mpiCC    -Wno-deprecated     -o CMakeFiles/cmTryCompileExec.dir/CheckIncludeFile.cxx.o -c /home/lakers/Downloads/VTK/CMakeFiles/CMakeTmp/CheckIncludeFile.cxx
/home/lakers/Downloads/VTK/CMakeFiles/CMakeTmp/CheckIncludeFile.cxx:1:22: fatal error: iostream.h: No such file or directory
compilation terminated.
make[1]: *** [CMakeFiles/cmTryCompileExec.dir/CheckIncludeFile.cxx.o] Error 1
make[1]: Leaving directory `/home/lakers/Downloads/VTK/CMakeFiles/CMakeTmp'
make: *** [cmTryCompileExec/fast] Error 2


Checking for non-standard argument to stl allocator<>::max_size failed to compile with the following output:
Change Dir: /home/lakers/Downloads/VTK/Utilities/kwsys/CMakeFiles/CMakeTmp

Run Build Command:/usr/bin/make "cmTryCompileExec/fast"
/usr/bin/make -f CMakeFiles/cmTryCompileExec.dir/build.make CMakeFiles/cmTryCompileExec.dir/build
make[1]: Entering directory `/home/lakers/Downloads/VTK/Utilities/kwsys/CMakeFiles/CMakeTmp'
/usr/bin/cmake -E cmake_progress_report /home/lakers/Downloads/VTK/Utilities/kwsys/CMakeFiles/CMakeTmp/CMakeFiles 1
Building CXX object CMakeFiles/cmTryCompileExec.dir/kwsysPlatformTestsCXX.cxx.o
/usr/bin/mpiCC   -DTEST_KWSYS_STL_HAS_ALLOCATOR_MAX_SIZE_ARGUMENT -DKWSYS_STL_HAVE_STD=1 -Wno-deprecated     -o CMakeFiles/cmTryCompileExec.dir/kwsysPlatformTestsCXX.cxx.o -c /home/lakers/Downloads/VTK/Utilities/kwsys/kwsysPlatformTestsCXX.cxx
/home/lakers/Downloads/VTK/Utilities/kwsys/kwsysPlatformTestsCXX.cxx: In function ‘void f(const std::allocator<char>&)’:
/home/lakers/Downloads/VTK/Utilities/kwsys/kwsysPlatformTestsCXX.cxx:247:25: error: no matching function for call to ‘std::allocator<char>::max_size(long unsigned int) const’
/home/lakers/Downloads/VTK/Utilities/kwsys/kwsysPlatformTestsCXX.cxx:247:25: note: candidate is:
/usr/include/c++/4.6/ext/new_allocator.h:101:7: note: __gnu_cxx::new_allocator<_Tp>::size_type __gnu_cxx::new_allocator<_Tp>::max_size() const [with _Tp = char, __gnu_cxx::new_allocator<_Tp>::size_type = long unsigned int]
/usr/include/c++/4.6/ext/new_allocator.h:101:7: note:   candidate expects 0 arguments, 1 provided
make[1]: *** [CMakeFiles/cmTryCompileExec.dir/kwsysPlatformTestsCXX.cxx.o] Error 1
make[1]: Leaving directory `/home/lakers/Downloads/VTK/Utilities/kwsys/CMakeFiles/CMakeTmp'
make: *** [cmTryCompileExec/fast] Error 2


Checking whether "<>" is needed for template friends failed to compile with the following output:
Change Dir: /home/lakers/Downloads/VTK/Utilities/kwsys/CMakeFiles/CMakeTmp

Run Build Command:/usr/bin/make "cmTryCompileExec/fast"
/usr/bin/make -f CMakeFiles/cmTryCompileExec.dir/build.make CMakeFiles/cmTryCompileExec.dir/build
make[1]: Entering directory `/home/lakers/Downloads/VTK/Utilities/kwsys/CMakeFiles/CMakeTmp'
/usr/bin/cmake -E cmake_progress_report /home/lakers/Downloads/VTK/Utilities/kwsys/CMakeFiles/CMakeTmp/CMakeFiles 1
Building CXX object CMakeFiles/cmTryCompileExec.dir/kwsysPlatformTestsCXX.cxx.o
/usr/bin/mpiCC   -DTEST_KWSYS_CXX_HAS_NULL_TEMPLATE_ARGS -Wno-deprecated     -o CMakeFiles/cmTryCompileExec.dir/kwsysPlatformTestsCXX.cxx.o -c /home/lakers/Downloads/VTK/Utilities/kwsys/kwsysPlatformTestsCXX.cxx
/home/lakers/Downloads/VTK/Utilities/kwsys/kwsysPlatformTestsCXX.cxx:132:21: warning: friend declaration ‘int f(A<T>&)’ declares a non-template function [-Wnon-template-friend]
/home/lakers/Downloads/VTK/Utilities/kwsys/kwsysPlatformTestsCXX.cxx:132:21: note: (if this is not what you intended, make sure the function template has already been declared and add <> after the function name here) 
/home/lakers/Downloads/VTK/Utilities/kwsys/kwsysPlatformTestsCXX.cxx: In function ‘int f(A<T>&) [with T = int]’:
/home/lakers/Downloads/VTK/Utilities/kwsys/kwsysPlatformTestsCXX.cxx:138:23:   instantiated from here
/home/lakers/Downloads/VTK/Utilities/kwsys/kwsysPlatformTestsCXX.cxx:134:7: error: ‘int A<int>::x’ is private
/home/lakers/Downloads/VTK/Utilities/kwsys/kwsysPlatformTestsCXX.cxx:137:50: error: within this context
make[1]: *** [CMakeFiles/cmTryCompileExec.dir/kwsysPlatformTestsCXX.cxx.o] Error 1
make[1]: Leaving directory `/home/lakers/Downloads/VTK/Utilities/kwsys/CMakeFiles/CMakeTmp'
make: *** [cmTryCompileExec/fast] Error 2


Determining size of __int64 failed with the following output:
Change Dir: /home/lakers/Downloads/VTK/CMakeFiles/CMakeTmp

Run Build Command:/usr/bin/make "cmTryCompileExec/fast"
/usr/bin/make -f CMakeFiles/cmTryCompileExec.dir/build.make CMakeFiles/cmTryCompileExec.dir/build
make[1]: Entering directory `/home/lakers/Downloads/VTK/CMakeFiles/CMakeTmp'
/usr/bin/cmake -E cmake_progress_report /home/lakers/Downloads/VTK/CMakeFiles/CMakeTmp/CMakeFiles 1
Building C object CMakeFiles/cmTryCompileExec.dir/KWSYS_SIZEOF___INT64.c.o
/usr/bin/mpicc    -o CMakeFiles/cmTryCompileExec.dir/KWSYS_SIZEOF___INT64.c.o   -c /home/lakers/Downloads/VTK/CMakeFiles/CheckTypeSize/KWSYS_SIZEOF___INT64.c
/home/lakers/Downloads/VTK/CMakeFiles/CheckTypeSize/KWSYS_SIZEOF___INT64.c:19:12: error: ‘__int64’ undeclared here (not in a function)
make[1]: *** [CMakeFiles/cmTryCompileExec.dir/KWSYS_SIZEOF___INT64.c.o] Error 1
make[1]: Leaving directory `/home/lakers/Downloads/VTK/CMakeFiles/CMakeTmp'
make: *** [cmTryCompileExec/fast] Error 2

/home/lakers/Downloads/VTK/CMakeFiles/CheckTypeSize/KWSYS_SIZEOF___INT64.c:
#include <sys/types.h>
#include <stdint.h>
#include <stddef.h>


#undef KEY
#if defined(__i386)
# define KEY '_','_','i','3','8','6'
#elif defined(__x86_64)
# define KEY '_','_','x','8','6','_','6','4'
#elif defined(__ppc__)
# define KEY '_','_','p','p','c','_','_'
#elif defined(__ppc64__)
# define KEY '_','_','p','p','c','6','4','_','_'
#endif

#define SIZE (sizeof(__int64))
char info_size[] =  {'I', 'N', 'F', 'O', ':', 's','i','z','e','[',
  ('0' + ((SIZE / 10000)%10)),
  ('0' + ((SIZE / 1000)%10)),
  ('0' + ((SIZE / 100)%10)),
  ('0' + ((SIZE / 10)%10)),
  ('0' +  (SIZE    % 10)),
  ']',
#ifdef KEY
  ' ','k','e','y','[', KEY, ']',
#endif
  '\0'};

#ifdef __CLASSIC_C__
int main(argc, argv) int argc; char *argv[];
#else
int main(int argc, char *argv[])
#endif
{
  int require = 0;
  require += info_size[argc];
  (void)argv;
  return require;
}


Determining if the function printf exists in the ws2_32;m failed with the following output:
Change Dir: /home/lakers/Downloads/VTK/CMakeFiles/CMakeTmp

Run Build Command:/usr/bin/make "cmTryCompileExec/fast"
/usr/bin/make -f CMakeFiles/cmTryCompileExec.dir/build.make CMakeFiles/cmTryCompileExec.dir/build
make[1]: Entering directory `/home/lakers/Downloads/VTK/CMakeFiles/CMakeTmp'
/usr/bin/cmake -E cmake_progress_report /home/lakers/Downloads/VTK/CMakeFiles/CMakeTmp/CMakeFiles 1
Building C object CMakeFiles/cmTryCompileExec.dir/CheckFunctionExists.c.o
/usr/bin/mpicc   -DCHECK_FUNCTION_EXISTS=printf   -o CMakeFiles/cmTryCompileExec.dir/CheckFunctionExists.c.o   -c /usr/share/cmake-2.8/Modules/CheckFunctionExists.c
/usr/share/cmake-2.8/Modules/CheckFunctionExists.c:3:6: warning: conflicting types for built-in function ‘printf’ [enabled by default]
Linking C executable cmTryCompileExec
/usr/bin/cmake -E cmake_link_script CMakeFiles/cmTryCompileExec.dir/link.txt --verbose=1
/usr/bin/mpicc      -DCHECK_FUNCTION_EXISTS=printf    CMakeFiles/cmTryCompileExec.dir/CheckFunctionExists.c.o  -o cmTryCompileExec -rdynamic -lws2_32 -lm 
/usr/bin/ld: error: cannot find -lws2_32
collect2: ld returned 1 exit status
make[1]: *** [cmTryCompileExec] Error 1
make[1]: Leaving directory `/home/lakers/Downloads/VTK/CMakeFiles/CMakeTmp'
make: *** [cmTryCompileExec/fast] Error 2


Determining if the function printf exists in the wsock32;m failed with the following output:
Change Dir: /home/lakers/Downloads/VTK/CMakeFiles/CMakeTmp

Run Build Command:/usr/bin/make "cmTryCompileExec/fast"
/usr/bin/make -f CMakeFiles/cmTryCompileExec.dir/build.make CMakeFiles/cmTryCompileExec.dir/build
make[1]: Entering directory `/home/lakers/Downloads/VTK/CMakeFiles/CMakeTmp'
/usr/bin/cmake -E cmake_progress_report /home/lakers/Downloads/VTK/CMakeFiles/CMakeTmp/CMakeFiles 1
Building C object CMakeFiles/cmTryCompileExec.dir/CheckFunctionExists.c.o
/usr/bin/mpicc   -DCHECK_FUNCTION_EXISTS=printf   -o CMakeFiles/cmTryCompileExec.dir/CheckFunctionExists.c.o   -c /usr/share/cmake-2.8/Modules/CheckFunctionExists.c
/usr/share/cmake-2.8/Modules/CheckFunctionExists.c:3:6: warning: conflicting types for built-in function ‘printf’ [enabled by default]
Linking C executable cmTryCompileExec
/usr/bin/cmake -E cmake_link_script CMakeFiles/cmTryCompileExec.dir/link.txt --verbose=1
/usr/bin/mpicc      -DCHECK_FUNCTION_EXISTS=printf    CMakeFiles/cmTryCompileExec.dir/CheckFunctionExists.c.o  -o cmTryCompileExec -rdynamic -lwsock32 -lm 
/usr/bin/ld: error: cannot find -lwsock32
collect2: ld returned 1 exit status
make[1]: *** [cmTryCompileExec] Error 1
make[1]: Leaving directory `/home/lakers/Downloads/VTK/CMakeFiles/CMakeTmp'
make: *** [cmTryCompileExec/fast] Error 2


Determining if the function gethostname exists in the ucb;m failed with the following output:
Change Dir: /home/lakers/Downloads/VTK/CMakeFiles/CMakeTmp

Run Build Command:/usr/bin/make "cmTryCompileExec/fast"
/usr/bin/make -f CMakeFiles/cmTryCompileExec.dir/build.make CMakeFiles/cmTryCompileExec.dir/build
make[1]: Entering directory `/home/lakers/Downloads/VTK/CMakeFiles/CMakeTmp'
/usr/bin/cmake -E cmake_progress_report /home/lakers/Downloads/VTK/CMakeFiles/CMakeTmp/CMakeFiles 1
Building C object CMakeFiles/cmTryCompileExec.dir/CheckFunctionExists.c.o
/usr/bin/mpicc   -DCHECK_FUNCTION_EXISTS=gethostname   -o CMakeFiles/cmTryCompileExec.dir/CheckFunctionExists.c.o   -c /usr/share/cmake-2.8/Modules/CheckFunctionExists.c
Linking C executable cmTryCompileExec
/usr/bin/cmake -E cmake_link_script CMakeFiles/cmTryCompileExec.dir/link.txt --verbose=1
/usr/bin/mpicc      -DCHECK_FUNCTION_EXISTS=gethostname    CMakeFiles/cmTryCompileExec.dir/CheckFunctionExists.c.o  -o cmTryCompileExec -rdynamic -lucb -lm 
/usr/bin/ld: error: cannot find -lucb
collect2: ld returned 1 exit status
make[1]: *** [cmTryCompileExec] Error 1
make[1]: Leaving directory `/home/lakers/Downloads/VTK/CMakeFiles/CMakeTmp'
make: *** [cmTryCompileExec/fast] Error 2


Determining if the function connect exists in the socket;m failed with the following output:
Change Dir: /home/lakers/Downloads/VTK/CMakeFiles/CMakeTmp

Run Build Command:/usr/bin/make "cmTryCompileExec/fast"
/usr/bin/make -f CMakeFiles/cmTryCompileExec.dir/build.make CMakeFiles/cmTryCompileExec.dir/build
make[1]: Entering directory `/home/lakers/Downloads/VTK/CMakeFiles/CMakeTmp'
/usr/bin/cmake -E cmake_progress_report /home/lakers/Downloads/VTK/CMakeFiles/CMakeTmp/CMakeFiles 1
Building C object CMakeFiles/cmTryCompileExec.dir/CheckFunctionExists.c.o
/usr/bin/mpicc   -DCHECK_FUNCTION_EXISTS=connect   -o CMakeFiles/cmTryCompileExec.dir/CheckFunctionExists.c.o   -c /usr/share/cmake-2.8/Modules/CheckFunctionExists.c
Linking C executable cmTryCompileExec
/usr/bin/cmake -E cmake_link_script CMakeFiles/cmTryCompileExec.dir/link.txt --verbose=1
/usr/bin/mpicc      -DCHECK_FUNCTION_EXISTS=connect    CMakeFiles/cmTryCompileExec.dir/CheckFunctionExists.c.o  -o cmTryCompileExec -rdynamic -lsocket -lm 
/usr/bin/ld: error: cannot find -lsocket
collect2: ld returned 1 exit status
make[1]: *** [cmTryCompileExec] Error 1
make[1]: Leaving directory `/home/lakers/Downloads/VTK/CMakeFiles/CMakeTmp'
make: *** [cmTryCompileExec/fast] Error 2


Determining if files ;globus/common.h exist failed with the following output:
Change Dir: /home/lakers/Downloads/VTK/CMakeFiles/CMakeTmp

Run Build Command:/usr/bin/make "cmTryCompileExec/fast"
/usr/bin/make -f CMakeFiles/cmTryCompileExec.dir/build.make CMakeFiles/cmTryCompileExec.dir/build
make[1]: Entering directory `/home/lakers/Downloads/VTK/CMakeFiles/CMakeTmp'
/usr/bin/cmake -E cmake_progress_report /home/lakers/Downloads/VTK/CMakeFiles/CMakeTmp/CMakeFiles 1
Building C object CMakeFiles/cmTryCompileExec.dir/CheckIncludeFiles.c.o
/usr/bin/mpicc    -o CMakeFiles/cmTryCompileExec.dir/CheckIncludeFiles.c.o   -c /home/lakers/Downloads/VTK/CMakeFiles/CMakeTmp/CheckIncludeFiles.c
/home/lakers/Downloads/VTK/CMakeFiles/CMakeTmp/CheckIncludeFiles.c:2:27: fatal error: globus/common.h: No such file or directory
compilation terminated.
make[1]: Leaving directory `/home/lakers/Downloads/VTK/CMakeFiles/CMakeTmp'
make[1]: *** [CMakeFiles/cmTryCompileExec.dir/CheckIncludeFiles.c.o] Error 1
make: *** [cmTryCompileExec/fast] Error 2

Source:
/* */
#include <globus/common.h>


int main(){return 0;}

Determining if files ;io.h exist failed with the following output:
Change Dir: /home/lakers/Downloads/VTK/CMakeFiles/CMakeTmp

Run Build Command:/usr/bin/make "cmTryCompileExec/fast"
/usr/bin/make -f CMakeFiles/cmTryCompileExec.dir/build.make CMakeFiles/cmTryCompileExec.dir/build
make[1]: Entering directory `/home/lakers/Downloads/VTK/CMakeFiles/CMakeTmp'
/usr/bin/cmake -E cmake_progress_report /home/lakers/Downloads/VTK/CMakeFiles/CMakeTmp/CMakeFiles 1
Building C object CMakeFiles/cmTryCompileExec.dir/CheckIncludeFiles.c.o
/usr/bin/mpicc    -o CMakeFiles/cmTryCompileExec.dir/CheckIncludeFiles.c.o   -c /home/lakers/Downloads/VTK/CMakeFiles/CMakeTmp/CheckIncludeFiles.c
/home/lakers/Downloads/VTK/CMakeFiles/CMakeTmp/CheckIncludeFiles.c:2:16: fatal error: io.h: No such file or directory
compilation terminated.
make[1]: Leaving directory `/home/lakers/Downloads/VTK/CMakeFiles/CMakeTmp'
make[1]: *** [CMakeFiles/cmTryCompileExec.dir/CheckIncludeFiles.c.o] Error 1
make: *** [cmTryCompileExec/fast] Error 2

Source:
/* */
#include <io.h>


int main(){return 0;}

Determining if files ;mfhdf.h exist failed with the following output:
Change Dir: /home/lakers/Downloads/VTK/CMakeFiles/CMakeTmp

Run Build Command:/usr/bin/make "cmTryCompileExec/fast"
/usr/bin/make -f CMakeFiles/cmTryCompileExec.dir/build.make CMakeFiles/cmTryCompileExec.dir/build
make[1]: Entering directory `/home/lakers/Downloads/VTK/CMakeFiles/CMakeTmp'
/usr/bin/cmake -E cmake_progress_report /home/lakers/Downloads/VTK/CMakeFiles/CMakeTmp/CMakeFiles 1
Building C object CMakeFiles/cmTryCompileExec.dir/CheckIncludeFiles.c.o
/usr/bin/mpicc    -o CMakeFiles/cmTryCompileExec.dir/CheckIncludeFiles.c.o   -c /home/lakers/Downloads/VTK/CMakeFiles/CMakeTmp/CheckIncludeFiles.c
/home/lakers/Downloads/VTK/CMakeFiles/CMakeTmp/CheckIncludeFiles.c:2:19: fatal error: mfhdf.h: No such file or directory
compilation terminated.
make[1]: Leaving directory `/home/lakers/Downloads/VTK/CMakeFiles/CMakeTmp'
make[1]: *** [CMakeFiles/cmTryCompileExec.dir/CheckIncludeFiles.c.o] Error 1
make: *** [cmTryCompileExec/fast] Error 2

Source:
/* */
#include <mfhdf.h>


int main(){return 0;}

Determining if files ;pdb.h exist failed with the following output:
Change Dir: /home/lakers/Downloads/VTK/CMakeFiles/CMakeTmp

Run Build Command:/usr/bin/make "cmTryCompileExec/fast"
/usr/bin/make -f CMakeFiles/cmTryCompileExec.dir/build.make CMakeFiles/cmTryCompileExec.dir/build
make[1]: Entering directory `/home/lakers/Downloads/VTK/CMakeFiles/CMakeTmp'
/usr/bin/cmake -E cmake_progress_report /home/lakers/Downloads/VTK/CMakeFiles/CMakeTmp/CMakeFiles 1
Building C object CMakeFiles/cmTryCompileExec.dir/CheckIncludeFiles.c.o
/usr/bin/mpicc    -o CMakeFiles/cmTryCompileExec.dir/CheckIncludeFiles.c.o   -c /home/lakers/Downloads/VTK/CMakeFiles/CMakeTmp/CheckIncludeFiles.c
/home/lakers/Downloads/VTK/CMakeFiles/CMakeTmp/CheckIncludeFiles.c:2:17: fatal error: pdb.h: No such file or directory
compilation terminated.
make[1]: Leaving directory `/home/lakers/Downloads/VTK/CMakeFiles/CMakeTmp'
make[1]: *** [CMakeFiles/cmTryCompileExec.dir/CheckIncludeFiles.c.o] Error 1
make: *** [cmTryCompileExec/fast] Error 2

Source:
/* */
#include <pdb.h>


int main(){return 0;}

Determining if files pthread.h;setjmp.h;srbclient.h exist failed with the following output:
Change Dir: /home/lakers/Downloads/VTK/CMakeFiles/CMakeTmp

Run Build Command:/usr/bin/make "cmTryCompileExec/fast"
/usr/bin/make -f CMakeFiles/cmTryCompileExec.dir/build.make CMakeFiles/cmTryCompileExec.dir/build
make[1]: Entering directory `/home/lakers/Downloads/VTK/CMakeFiles/CMakeTmp'
/usr/bin/cmake -E cmake_progress_report /home/lakers/Downloads/VTK/CMakeFiles/CMakeTmp/CMakeFiles 1
Building C object CMakeFiles/cmTryCompileExec.dir/CheckIncludeFiles.c.o
/usr/bin/mpicc    -o CMakeFiles/cmTryCompileExec.dir/CheckIncludeFiles.c.o   -c /home/lakers/Downloads/VTK/CMakeFiles/CMakeTmp/CheckIncludeFiles.c
/home/lakers/Downloads/VTK/CMakeFiles/CMakeTmp/CheckIncludeFiles.c:4:23: fatal error: srbclient.h: No such file or directory
compilation terminated.
make[1]: Leaving directory `/home/lakers/Downloads/VTK/CMakeFiles/CMakeTmp'
make[1]: *** [CMakeFiles/cmTryCompileExec.dir/CheckIncludeFiles.c.o] Error 1
make: *** [cmTryCompileExec/fast] Error 2

Source:
/* */
#include <pthread.h>
#include <setjmp.h>
#include <srbclient.h>


int main(){return 0;}

Determining if files pthread.h;setjmp.h;stddef.h;stdint.h;string.h;strings.h;sys/ioctl.h;sys/proc.h exist failed with the following output:
Change Dir: /home/lakers/Downloads/VTK/CMakeFiles/CMakeTmp

Run Build Command:/usr/bin/make "cmTryCompileExec/fast"
/usr/bin/make -f CMakeFiles/cmTryCompileExec.dir/build.make CMakeFiles/cmTryCompileExec.dir/build
make[1]: Entering directory `/home/lakers/Downloads/VTK/CMakeFiles/CMakeTmp'
/usr/bin/cmake -E cmake_progress_report /home/lakers/Downloads/VTK/CMakeFiles/CMakeTmp/CMakeFiles 1
Building C object CMakeFiles/cmTryCompileExec.dir/CheckIncludeFiles.c.o
/usr/bin/mpicc    -o CMakeFiles/cmTryCompileExec.dir/CheckIncludeFiles.c.o   -c /home/lakers/Downloads/VTK/CMakeFiles/CMakeTmp/CheckIncludeFiles.c
/home/lakers/Downloads/VTK/CMakeFiles/CMakeTmp/CheckIncludeFiles.c:9:22: fatal error: sys/proc.h: No such file or directory
compilation terminated.
make[1]: *** [CMakeFiles/cmTryCompileExec.dir/CheckIncludeFiles.c.o] Error 1
make[1]: Leaving directory `/home/lakers/Downloads/VTK/CMakeFiles/CMakeTmp'
make: *** [cmTryCompileExec/fast] Error 2

Source:
/* */
#include <pthread.h>
#include <setjmp.h>
#include <stddef.h>
#include <stdint.h>
#include <string.h>
#include <strings.h>
#include <sys/ioctl.h>
#include <sys/proc.h>


int main(){return 0;}

Determining if files pthread.h;setjmp.h;stddef.h;stdint.h;string.h;strings.h;sys/ioctl.h;sys/resource.h;sys/socket.h;sys/stat.h;sys/time.h;time.h;sys/timeb.h;sys/types.h;unistd.h;stdlib.h;memory.h;dlfcn.h;features.h;inttypes.h;winsock.h exist failed with the following output:
Change Dir: /home/lakers/Downloads/VTK/CMakeFiles/CMakeTmp

Run Build Command:/usr/bin/make "cmTryCompileExec/fast"
/usr/bin/make -f CMakeFiles/cmTryCompileExec.dir/build.make CMakeFiles/cmTryCompileExec.dir/build
make[1]: Entering directory `/home/lakers/Downloads/VTK/CMakeFiles/CMakeTmp'
/usr/bin/cmake -E cmake_progress_report /home/lakers/Downloads/VTK/CMakeFiles/CMakeTmp/CMakeFiles 1
Building C object CMakeFiles/cmTryCompileExec.dir/CheckIncludeFiles.c.o
/usr/bin/mpicc    -o CMakeFiles/cmTryCompileExec.dir/CheckIncludeFiles.c.o   -c /home/lakers/Downloads/VTK/CMakeFiles/CMakeTmp/CheckIncludeFiles.c
/home/lakers/Downloads/VTK/CMakeFiles/CMakeTmp/CheckIncludeFiles.c:22:21: fatal error: winsock.h: No such file or directory
compilation terminated.
make[1]: *** [CMakeFiles/cmTryCompileExec.dir/CheckIncludeFiles.c.o] Error 1
make[1]: Leaving directory `/home/lakers/Downloads/VTK/CMakeFiles/CMakeTmp'
make: *** [cmTryCompileExec/fast] Error 2

Source:
/* */
#include <pthread.h>
#include <setjmp.h>
#include <stddef.h>
#include <stdint.h>
#include <string.h>
#include <strings.h>
#include <sys/ioctl.h>
#include <sys/resource.h>
#include <sys/socket.h>
#include <sys/stat.h>
#include <sys/time.h>
#include <time.h>
#include <sys/timeb.h>
#include <sys/types.h>
#include <unistd.h>
#include <stdlib.h>
#include <memory.h>
#include <dlfcn.h>
#include <features.h>
#include <inttypes.h>
#include <winsock.h>


int main(){return 0;}

Determining size of __int64 failed with the following output:
Change Dir: /home/lakers/Downloads/VTK/CMakeFiles/CMakeTmp

Run Build Command:/usr/bin/make "cmTryCompileExec/fast"
/usr/bin/make -f CMakeFiles/cmTryCompileExec.dir/build.make CMakeFiles/cmTryCompileExec.dir/build
make[1]: Entering directory `/home/lakers/Downloads/VTK/CMakeFiles/CMakeTmp'
/usr/bin/cmake -E cmake_progress_report /home/lakers/Downloads/VTK/CMakeFiles/CMakeTmp/CMakeFiles 1
Building C object CMakeFiles/cmTryCompileExec.dir/H5_SIZEOF___INT64.c.o
/usr/bin/mpicc    -o CMakeFiles/cmTryCompileExec.dir/H5_SIZEOF___INT64.c.o   -c /home/lakers/Downloads/VTK/CMakeFiles/CheckTypeSize/H5_SIZEOF___INT64.c
/home/lakers/Downloads/VTK/CMakeFiles/CheckTypeSize/H5_SIZEOF___INT64.c:19:12: error: ‘__int64’ undeclared here (not in a function)
make[1]: *** [CMakeFiles/cmTryCompileExec.dir/H5_SIZEOF___INT64.c.o] Error 1
make[1]: Leaving directory `/home/lakers/Downloads/VTK/CMakeFiles/CMakeTmp'
make: *** [cmTryCompileExec/fast] Error 2

/home/lakers/Downloads/VTK/CMakeFiles/CheckTypeSize/H5_SIZEOF___INT64.c:
#include <sys/types.h>
#include <stdint.h>
#include <stddef.h>


#undef KEY
#if defined(__i386)
# define KEY '_','_','i','3','8','6'
#elif defined(__x86_64)
# define KEY '_','_','x','8','6','_','6','4'
#elif defined(__ppc__)
# define KEY '_','_','p','p','c','_','_'
#elif defined(__ppc64__)
# define KEY '_','_','p','p','c','6','4','_','_'
#endif

#define SIZE (sizeof(__int64))
char info_size[] =  {'I', 'N', 'F', 'O', ':', 's','i','z','e','[',
  ('0' + ((SIZE / 10000)%10)),
  ('0' + ((SIZE / 1000)%10)),
  ('0' + ((SIZE / 100)%10)),
  ('0' + ((SIZE / 10)%10)),
  ('0' +  (SIZE    % 10)),
  ']',
#ifdef KEY
  ' ','k','e','y','[', KEY, ']',
#endif
  '\0'};

#ifdef __CLASSIC_C__
int main(argc, argv) int argc; char *argv[];
#else
int main(int argc, char *argv[])
#endif
{
  int require = 0;
  require += info_size[argc];
  (void)argv;
  return require;
}


Determining size of off64_t failed with the following output:
Change Dir: /home/lakers/Downloads/VTK/CMakeFiles/CMakeTmp

Run Build Command:/usr/bin/make "cmTryCompileExec/fast"
/usr/bin/make -f CMakeFiles/cmTryCompileExec.dir/build.make CMakeFiles/cmTryCompileExec.dir/build
make[1]: Entering directory `/home/lakers/Downloads/VTK/CMakeFiles/CMakeTmp'
/usr/bin/cmake -E cmake_progress_report /home/lakers/Downloads/VTK/CMakeFiles/CMakeTmp/CMakeFiles 1
Building C object CMakeFiles/cmTryCompileExec.dir/H5_SIZEOF_OFF64_T.c.o
/usr/bin/mpicc    -o CMakeFiles/cmTryCompileExec.dir/H5_SIZEOF_OFF64_T.c.o   -c /home/lakers/Downloads/VTK/CMakeFiles/CheckTypeSize/H5_SIZEOF_OFF64_T.c
/home/lakers/Downloads/VTK/CMakeFiles/CheckTypeSize/H5_SIZEOF_OFF64_T.c:19:12: error: ‘off64_t’ undeclared here (not in a function)
make[1]: *** [CMakeFiles/cmTryCompileExec.dir/H5_SIZEOF_OFF64_T.c.o] Error 1
make[1]: Leaving directory `/home/lakers/Downloads/VTK/CMakeFiles/CMakeTmp'
make: *** [cmTryCompileExec/fast] Error 2

/home/lakers/Downloads/VTK/CMakeFiles/CheckTypeSize/H5_SIZEOF_OFF64_T.c:
#include <sys/types.h>
#include <stdint.h>
#include <stddef.h>


#undef KEY
#if defined(__i386)
# define KEY '_','_','i','3','8','6'
#elif defined(__x86_64)
# define KEY '_','_','x','8','6','_','6','4'
#elif defined(__ppc__)
# define KEY '_','_','p','p','c','_','_'
#elif defined(__ppc64__)
# define KEY '_','_','p','p','c','6','4','_','_'
#endif

#define SIZE (sizeof(off64_t))
char info_size[] =  {'I', 'N', 'F', 'O', ':', 's','i','z','e','[',
  ('0' + ((SIZE / 10000)%10)),
  ('0' + ((SIZE / 1000)%10)),
  ('0' + ((SIZE / 100)%10)),
  ('0' + ((SIZE / 10)%10)),
  ('0' +  (SIZE    % 10)),
  ']',
#ifdef KEY
  ' ','k','e','y','[', KEY, ']',
#endif
  '\0'};

#ifdef __CLASSIC_C__
int main(argc, argv) int argc; char *argv[];
#else
int main(int argc, char *argv[])
#endif
{
  int require = 0;
  require += info_size[argc];
  (void)argv;
  return require;
}


Determining if the function setsysinfo exists failed with the following output:
Change Dir: /home/lakers/Downloads/VTK/CMakeFiles/CMakeTmp

Run Build Command:/usr/bin/make "cmTryCompileExec/fast"
/usr/bin/make -f CMakeFiles/cmTryCompileExec.dir/build.make CMakeFiles/cmTryCompileExec.dir/build
make[1]: Entering directory `/home/lakers/Downloads/VTK/CMakeFiles/CMakeTmp'
/usr/bin/cmake -E cmake_progress_report /home/lakers/Downloads/VTK/CMakeFiles/CMakeTmp/CMakeFiles 1
Building C object CMakeFiles/cmTryCompileExec.dir/CheckFunctionExists.c.o
/usr/bin/mpicc   -DCHECK_FUNCTION_EXISTS=setsysinfo   -o CMakeFiles/cmTryCompileExec.dir/CheckFunctionExists.c.o   -c /usr/share/cmake-2.8/Modules/CheckFunctionExists.c
Linking C executable cmTryCompileExec
/usr/bin/cmake -E cmake_link_script CMakeFiles/cmTryCompileExec.dir/link.txt --verbose=1
/usr/bin/mpicc      -DCHECK_FUNCTION_EXISTS=setsysinfo    CMakeFiles/cmTryCompileExec.dir/CheckFunctionExists.c.o  -o cmTryCompileExec -rdynamic -lm 
CMakeFiles/cmTryCompileExec.dir/CheckFunctionExists.c.o:CheckFunctionExists.c:function main: error: undefined reference to 'setsysinfo'
collect2: ld returned 1 exit status
make[1]: *** [cmTryCompileExec] Error 1
make[1]: Leaving directory `/home/lakers/Downloads/VTK/CMakeFiles/CMakeTmp'
make: *** [cmTryCompileExec/fast] Error 2


Determining if the function sigsetjmp exists failed with the following output:
Change Dir: /home/lakers/Downloads/VTK/CMakeFiles/CMakeTmp

Run Build Command:/usr/bin/make "cmTryCompileExec/fast"
/usr/bin/make -f CMakeFiles/cmTryCompileExec.dir/build.make CMakeFiles/cmTryCompileExec.dir/build
make[1]: Entering directory `/home/lakers/Downloads/VTK/CMakeFiles/CMakeTmp'
/usr/bin/cmake -E cmake_progress_report /home/lakers/Downloads/VTK/CMakeFiles/CMakeTmp/CMakeFiles 1
Building C object CMakeFiles/cmTryCompileExec.dir/CheckFunctionExists.c.o
/usr/bin/mpicc   -DCHECK_FUNCTION_EXISTS=sigsetjmp   -o CMakeFiles/cmTryCompileExec.dir/CheckFunctionExists.c.o   -c /usr/share/cmake-2.8/Modules/CheckFunctionExists.c
Linking C executable cmTryCompileExec
/usr/bin/cmake -E cmake_link_script CMakeFiles/cmTryCompileExec.dir/link.txt --verbose=1
/usr/bin/mpicc      -DCHECK_FUNCTION_EXISTS=sigsetjmp    CMakeFiles/cmTryCompileExec.dir/CheckFunctionExists.c.o  -o cmTryCompileExec -rdynamic -lm 
CMakeFiles/cmTryCompileExec.dir/CheckFunctionExists.c.o:CheckFunctionExists.c:function main: error: undefined reference to 'sigsetjmp'
collect2: ld returned 1 exit status
make[1]: *** [cmTryCompileExec] Error 1
make[1]: Leaving directory `/home/lakers/Downloads/VTK/CMakeFiles/CMakeTmp'
make: *** [cmTryCompileExec/fast] Error 2


Performing Other Test HAVE_STRUCT_TIMEZONE failed with the following output:
Change Dir: /home/lakers/Downloads/VTK/CMakeFiles/CMakeTmp

Run Build Command:/usr/bin/make "cmTryCompileExec/fast"
/usr/bin/make -f CMakeFiles/cmTryCompileExec.dir/build.make CMakeFiles/cmTryCompileExec.dir/build
make[1]: Entering directory `/home/lakers/Downloads/VTK/CMakeFiles/CMakeTmp'
/usr/bin/cmake -E cmake_progress_report /home/lakers/Downloads/VTK/CMakeFiles/CMakeTmp/CMakeFiles 1
Building C object CMakeFiles/cmTryCompileExec.dir/HDF5Tests.c.o
/usr/bin/mpicc   -DHAVE_STRUCT_TIMEZONE  -DH5_HAVE_SYS_TIME_H -DH5_HAVE_UNISTD_H -DH5_HAVE_SYS_TYPES_H -DH5_HAVE_SYS_SOCKET_H   -o CMakeFiles/cmTryCompileExec.dir/HDF5Tests.c.o   -c /home/lakers/Downloads/VTK/Utilities/vtkhdf5/Resources/HDF5Tests.c
/home/lakers/Downloads/VTK/Utilities/vtkhdf5/Resources/HDF5Tests.c: In function ‘main’:
/home/lakers/Downloads/VTK/Utilities/vtkhdf5/Resources/HDF5Tests.c:233:1: error: storage size of ‘tz’ isn’t known
make[1]: *** [CMakeFiles/cmTryCompileExec.dir/HDF5Tests.c.o] Error 1
make[1]: Leaving directory `/home/lakers/Downloads/VTK/CMakeFiles/CMakeTmp'
make: *** [cmTryCompileExec/fast] Error 2

Performing Other Test HAVE_SOCKLEN_T failed with the following output:
Change Dir: /home/lakers/Downloads/VTK/CMakeFiles/CMakeTmp

Run Build Command:/usr/bin/make "cmTryCompileExec/fast"
/usr/bin/make -f CMakeFiles/cmTryCompileExec.dir/build.make CMakeFiles/cmTryCompileExec.dir/build
make[1]: Entering directory `/home/lakers/Downloads/VTK/CMakeFiles/CMakeTmp'
/usr/bin/cmake -E cmake_progress_report /home/lakers/Downloads/VTK/CMakeFiles/CMakeTmp/CMakeFiles 1
Building C object CMakeFiles/cmTryCompileExec.dir/HDF5Tests.c.o
/usr/bin/mpicc   -DHAVE_SOCKLEN_T  -DH5_HAVE_SYS_TIME_H -DH5_HAVE_UNISTD_H -DH5_HAVE_SYS_TYPES_H -DH5_HAVE_SYS_SOCKET_H   -o CMakeFiles/cmTryCompileExec.dir/HDF5Tests.c.o   -c /home/lakers/Downloads/VTK/Utilities/vtkhdf5/Resources/HDF5Tests.c
/home/lakers/Downloads/VTK/Utilities/vtkhdf5/Resources/HDF5Tests.c: In function ‘main’:
/home/lakers/Downloads/VTK/Utilities/vtkhdf5/Resources/HDF5Tests.c:308:1: error: unknown type name ‘socklen_t’
make[1]: Leaving directory `/home/lakers/Downloads/VTK/CMakeFiles/CMakeTmp'
make[1]: *** [CMakeFiles/cmTryCompileExec.dir/HDF5Tests.c.o] Error 1
make: *** [cmTryCompileExec/fast] Error 2

Performing Other Test DEV_T_IS_SCALAR failed with the following output:
Change Dir: /home/lakers/Downloads/VTK/CMakeFiles/CMakeTmp

Run Build Command:/usr/bin/make "cmTryCompileExec/fast"
/usr/bin/make -f CMakeFiles/cmTryCompileExec.dir/build.make CMakeFiles/cmTryCompileExec.dir/build
make[1]: Entering directory `/home/lakers/Downloads/VTK/CMakeFiles/CMakeTmp'
/usr/bin/cmake -E cmake_progress_report /home/lakers/Downloads/VTK/CMakeFiles/CMakeTmp/CMakeFiles 1
Building C object CMakeFiles/cmTryCompileExec.dir/HDF5Tests.c.o
/usr/bin/mpicc   -DDEV_T_IS_SCALAR  -DH5_HAVE_SYS_TIME_H -DH5_HAVE_UNISTD_H -DH5_HAVE_SYS_TYPES_H -DH5_HAVE_SYS_SOCKET_H   -o CMakeFiles/cmTryCompileExec.dir/HDF5Tests.c.o   -c /home/lakers/Downloads/VTK/Utilities/vtkhdf5/Resources/HDF5Tests.c
/home/lakers/Downloads/VTK/Utilities/vtkhdf5/Resources/HDF5Tests.c: In function ‘main’:
/home/lakers/Downloads/VTK/Utilities/vtkhdf5/Resources/HDF5Tests.c:320:3: error: unknown type name ‘dev_t’
make[1]: Leaving directory `/home/lakers/Downloads/VTK/CMakeFiles/CMakeTmp'
make[1]: *** [CMakeFiles/cmTryCompileExec.dir/HDF5Tests.c.o] Error 1
make: *** [cmTryCompileExec/fast] Error 2

Performing Other Test HAVE_OFF64_T failed with the following output:
Change Dir: /home/lakers/Downloads/VTK/CMakeFiles/CMakeTmp

Run Build Command:/usr/bin/make "cmTryCompileExec/fast"
/usr/bin/make -f CMakeFiles/cmTryCompileExec.dir/build.make CMakeFiles/cmTryCompileExec.dir/build
make[1]: Entering directory `/home/lakers/Downloads/VTK/CMakeFiles/CMakeTmp'
/usr/bin/cmake -E cmake_progress_report /home/lakers/Downloads/VTK/CMakeFiles/CMakeTmp/CMakeFiles 1
Building C object CMakeFiles/cmTryCompileExec.dir/HDF5Tests.c.o
/usr/bin/mpicc   -DHAVE_OFF64_T  -DH5_HAVE_SYS_TIME_H -DH5_HAVE_UNISTD_H -DH5_HAVE_SYS_TYPES_H -DH5_HAVE_SYS_SOCKET_H   -o CMakeFiles/cmTryCompileExec.dir/HDF5Tests.c.o   -c /home/lakers/Downloads/VTK/Utilities/vtkhdf5/Resources/HDF5Tests.c
/home/lakers/Downloads/VTK/Utilities/vtkhdf5/Resources/HDF5Tests.c: In function ‘main’:
/home/lakers/Downloads/VTK/Utilities/vtkhdf5/Resources/HDF5Tests.c:342:3: error: unknown type name ‘off64_t’
make[1]: *** [CMakeFiles/cmTryCompileExec.dir/HDF5Tests.c.o] Error 1
make[1]: Leaving directory `/home/lakers/Downloads/VTK/CMakeFiles/CMakeTmp'
make: *** [cmTryCompileExec/fast] Error 2

Performing Other Test GETTIMEOFDAY_GIVES_TZ failed with the following output:
Change Dir: /home/lakers/Downloads/VTK/CMakeFiles/CMakeTmp

Run Build Command:/usr/bin/make "cmTryCompileExec/fast"
/usr/bin/make -f CMakeFiles/cmTryCompileExec.dir/build.make CMakeFiles/cmTryCompileExec.dir/build
make[1]: Entering directory `/home/lakers/Downloads/VTK/CMakeFiles/CMakeTmp'
/usr/bin/cmake -E cmake_progress_report /home/lakers/Downloads/VTK/CMakeFiles/CMakeTmp/CMakeFiles 1
Building C object CMakeFiles/cmTryCompileExec.dir/HDF5Tests.c.o
/usr/bin/mpicc   -DGETTIMEOFDAY_GIVES_TZ  -DH5_HAVE_SYS_TIME_H -DH5_HAVE_UNISTD_H -DH5_HAVE_SYS_TYPES_H -DH5_HAVE_SYS_SOCKET_H   -o CMakeFiles/cmTryCompileExec.dir/HDF5Tests.c.o   -c /home/lakers/Downloads/VTK/Utilities/vtkhdf5/Resources/HDF5Tests.c
/home/lakers/Downloads/VTK/Utilities/vtkhdf5/Resources/HDF5Tests.c: In function ‘main’:
/home/lakers/Downloads/VTK/Utilities/vtkhdf5/Resources/HDF5Tests.c:355:17: error: storage size of ‘tv’ isn’t known
/home/lakers/Downloads/VTK/Utilities/vtkhdf5/Resources/HDF5Tests.c:356:18: error: storage size of ‘tz’ isn’t known
/home/lakers/Downloads/VTK/Utilities/vtkhdf5/Resources/HDF5Tests.c:362:5: warning: incompatible implicit declaration of built-in function ‘exit’ [enabled by default]
make[1]: *** [CMakeFiles/cmTryCompileExec.dir/HDF5Tests.c.o] Error 1
make[1]: Leaving directory `/home/lakers/Downloads/VTK/CMakeFiles/CMakeTmp'
make: *** [cmTryCompileExec/fast] Error 2

Test H5_ULONG_TO_FP_BOTTOM_BIT_ACCURATE Run failed with the following output and exit code:
 Change Dir: /home/lakers/Downloads/VTK/Utilities/vtkhdf5/CMake/CMakeFiles/CMakeTmp

Run Build Command:/usr/bin/make "cmTryCompileExec/fast"
/usr/bin/make -f CMakeFiles/cmTryCompileExec.dir/build.make CMakeFiles/cmTryCompileExec.dir/build
make[1]: Entering directory `/home/lakers/Downloads/VTK/Utilities/vtkhdf5/CMake/CMakeFiles/CMakeTmp'
/usr/bin/cmake -E cmake_progress_report /home/lakers/Downloads/VTK/Utilities/vtkhdf5/CMake/CMakeFiles/CMakeTmp/CMakeFiles 1
Building C object CMakeFiles/cmTryCompileExec.dir/ConversionTests.c.o
/usr/bin/mpicc   -DH5_ULONG_TO_FP_BOTTOM_BIT_ACCURATE_TEST   -o CMakeFiles/cmTryCompileExec.dir/ConversionTests.c.o   -c /home/lakers/Downloads/VTK/Utilities/vtkhdf5/Resources/ConversionTests.c
/home/lakers/Downloads/VTK/Utilities/vtkhdf5/Resources/ConversionTests.c: In function ‘main’:
/home/lakers/Downloads/VTK/Utilities/vtkhdf5/Resources/ConversionTests.c:420:5: warning: incompatible implicit declaration of built-in function ‘exit’ [enabled by default]
Linking C executable cmTryCompileExec
/usr/bin/cmake -E cmake_link_script CMakeFiles/cmTryCompileExec.dir/link.txt --verbose=1
/usr/bin/mpicc      -DH5_ULONG_TO_FP_BOTTOM_BIT_ACCURATE_TEST    CMakeFiles/cmTryCompileExec.dir/ConversionTests.c.o  -o cmTryCompileExec -rdynamic 
make[1]: Leaving directory `/home/lakers/Downloads/VTK/Utilities/vtkhdf5/CMake/CMakeFiles/CMakeTmp'

Test H5_FP_TO_ULLONG_RIGHT_MAXIMUM Run failed with the following output and exit code:
 Change Dir: /home/lakers/Downloads/VTK/Utilities/vtkhdf5/CMake/CMakeFiles/CMakeTmp

Run Build Command:/usr/bin/make "cmTryCompileExec/fast"
/usr/bin/make -f CMakeFiles/cmTryCompileExec.dir/build.make CMakeFiles/cmTryCompileExec.dir/build
make[1]: Entering directory `/home/lakers/Downloads/VTK/Utilities/vtkhdf5/CMake/CMakeFiles/CMakeTmp'
/usr/bin/cmake -E cmake_progress_report /home/lakers/Downloads/VTK/Utilities/vtkhdf5/CMake/CMakeFiles/CMakeTmp/CMakeFiles 1
Building C object CMakeFiles/cmTryCompileExec.dir/ConversionTests.c.o
/usr/bin/mpicc   -DH5_FP_TO_ULLONG_RIGHT_MAXIMUM_TEST   -o CMakeFiles/cmTryCompileExec.dir/ConversionTests.c.o   -c /home/lakers/Downloads/VTK/Utilities/vtkhdf5/Resources/ConversionTests.c
/home/lakers/Downloads/VTK/Utilities/vtkhdf5/Resources/ConversionTests.c: In function ‘main’:
/home/lakers/Downloads/VTK/Utilities/vtkhdf5/Resources/ConversionTests.c:59:3: warning: incompatible implicit declaration of built-in function ‘exit’ [enabled by default]
Linking C executable cmTryCompileExec
/usr/bin/cmake -E cmake_link_script CMakeFiles/cmTryCompileExec.dir/link.txt --verbose=1
/usr/bin/mpicc      -DH5_FP_TO_ULLONG_RIGHT_MAXIMUM_TEST    CMakeFiles/cmTryCompileExec.dir/ConversionTests.c.o  -o cmTryCompileExec -rdynamic 
make[1]: Leaving directory `/home/lakers/Downloads/VTK/Utilities/vtkhdf5/CMake/CMakeFiles/CMakeTmp'

Determining if files windows.h exist failed with the following output:
Change Dir: /home/lakers/Downloads/VTK/CMakeFiles/CMakeTmp

Run Build Command:/usr/bin/make "cmTryCompileExec/fast"
/usr/bin/make -f CMakeFiles/cmTryCompileExec.dir/build.make CMakeFiles/cmTryCompileExec.dir/build
make[1]: Entering directory `/home/lakers/Downloads/VTK/CMakeFiles/CMakeTmp'
/usr/bin/cmake -E cmake_progress_report /home/lakers/Downloads/VTK/CMakeFiles/CMakeTmp/CMakeFiles 1
Building C object CMakeFiles/cmTryCompileExec.dir/CheckIncludeFiles.c.o
/usr/bin/mpicc    -o CMakeFiles/cmTryCompileExec.dir/CheckIncludeFiles.c.o   -c /home/lakers/Downloads/VTK/CMakeFiles/CMakeTmp/CheckIncludeFiles.c
/home/lakers/Downloads/VTK/CMakeFiles/CMakeTmp/CheckIncludeFiles.c:2:21: fatal error: windows.h: No such file or directory
compilation terminated.
make[1]: *** [CMakeFiles/cmTryCompileExec.dir/CheckIncludeFiles.c.o] Error 1
make[1]: Leaving directory `/home/lakers/Downloads/VTK/CMakeFiles/CMakeTmp'
make: *** [cmTryCompileExec/fast] Error 2

Source:
/* */
#include <windows.h>


int main(){return 0;}

Determining if files ieeefp.h exist failed with the following output:
Change Dir: /home/lakers/Downloads/VTK/CMakeFiles/CMakeTmp

Run Build Command:/usr/bin/make "cmTryCompileExec/fast"
/usr/bin/make -f CMakeFiles/cmTryCompileExec.dir/build.make CMakeFiles/cmTryCompileExec.dir/build
make[1]: Entering directory `/home/lakers/Downloads/VTK/CMakeFiles/CMakeTmp'
/usr/bin/cmake -E cmake_progress_report /home/lakers/Downloads/VTK/CMakeFiles/CMakeTmp/CMakeFiles 1
Building C object CMakeFiles/cmTryCompileExec.dir/CheckIncludeFiles.c.o
/usr/bin/mpicc    -o CMakeFiles/cmTryCompileExec.dir/CheckIncludeFiles.c.o   -c /home/lakers/Downloads/VTK/CMakeFiles/CMakeTmp/CheckIncludeFiles.c
/home/lakers/Downloads/VTK/CMakeFiles/CMakeTmp/CheckIncludeFiles.c:2:20: fatal error: ieeefp.h: No such file or directory
compilation terminated.
make[1]: *** [CMakeFiles/cmTryCompileExec.dir/CheckIncludeFiles.c.o] Error 1
make[1]: Leaving directory `/home/lakers/Downloads/VTK/CMakeFiles/CMakeTmp'
make: *** [cmTryCompileExec/fast] Error 2

Source:
/* */
#include <ieeefp.h>


int main(){return 0;}

Determining if the function areroul exists failed with the following output:
Change Dir: /home/lakers/Downloads/VTK/CMakeFiles/CMakeTmp

Run Build Command:/usr/bin/make "cmTryCompileExec/fast"
/usr/bin/make -f CMakeFiles/cmTryCompileExec.dir/build.make CMakeFiles/cmTryCompileExec.dir/build
make[1]: Entering directory `/home/lakers/Downloads/VTK/CMakeFiles/CMakeTmp'
/usr/bin/cmake -E cmake_progress_report /home/lakers/Downloads/VTK/CMakeFiles/CMakeTmp/CMakeFiles 1
Building C object CMakeFiles/cmTryCompileExec.dir/CheckFunctionExists.c.o
/usr/bin/mpicc   -DCHECK_FUNCTION_EXISTS=areroul   -o CMakeFiles/cmTryCompileExec.dir/CheckFunctionExists.c.o   -c /usr/share/cmake-2.8/Modules/CheckFunctionExists.c
Linking C executable cmTryCompileExec
/usr/bin/cmake -E cmake_link_script CMakeFiles/cmTryCompileExec.dir/link.txt --verbose=1
/usr/bin/mpicc      -DCHECK_FUNCTION_EXISTS=areroul    CMakeFiles/cmTryCompileExec.dir/CheckFunctionExists.c.o  -o cmTryCompileExec -rdynamic 
CMakeFiles/cmTryCompileExec.dir/CheckFunctionExists.c.o:CheckFunctionExists.c:function main: error: undefined reference to 'areroul'
collect2: ld returned 1 exit status
make[1]: *** [cmTryCompileExec] Error 1
make[1]: Leaving directory `/home/lakers/Downloads/VTK/CMakeFiles/CMakeTmp'
make: *** [cmTryCompileExec/fast] Error 2


Determining if the function shl_load exists in the dld;dl failed with the following output:
Change Dir: /home/lakers/Downloads/VTK/CMakeFiles/CMakeTmp

Run Build Command:/usr/bin/make "cmTryCompileExec/fast"
/usr/bin/make -f CMakeFiles/cmTryCompileExec.dir/build.make CMakeFiles/cmTryCompileExec.dir/build
make[1]: Entering directory `/home/lakers/Downloads/VTK/CMakeFiles/CMakeTmp'
/usr/bin/cmake -E cmake_progress_report /home/lakers/Downloads/VTK/CMakeFiles/CMakeTmp/CMakeFiles 1
Building C object CMakeFiles/cmTryCompileExec.dir/CheckFunctionExists.c.o
/usr/bin/mpicc   -DCHECK_FUNCTION_EXISTS=shl_load   -o CMakeFiles/cmTryCompileExec.dir/CheckFunctionExists.c.o   -c /usr/share/cmake-2.8/Modules/CheckFunctionExists.c
Linking C executable cmTryCompileExec
/usr/bin/cmake -E cmake_link_script CMakeFiles/cmTryCompileExec.dir/link.txt --verbose=1
/usr/bin/mpicc      -DCHECK_FUNCTION_EXISTS=shl_load    CMakeFiles/cmTryCompileExec.dir/CheckFunctionExists.c.o  -o cmTryCompileExec -rdynamic -ldld -ldl 
/usr/bin/ld: error: cannot find -ldld
CMakeFiles/cmTryCompileExec.dir/CheckFunctionExists.c.o:CheckFunctionExists.c:function main: error: undefined reference to 'shl_load'
collect2: ld returned 1 exit status
make[1]: *** [cmTryCompileExec] Error 1
make[1]: Leaving directory `/home/lakers/Downloads/VTK/CMakeFiles/CMakeTmp'
make: *** [cmTryCompileExec/fast] Error 2


Determining if files stdio.h;stddef.h;sys/types.h;inttypes.h;dlfcn.h;fcntl.h;malloc.h;memory.h;netdb.h;limits.h;sys/socket.h;netinet/in.h;sys/select.h;stdint.h;stdlib.h;string.h;strings.h;sys/stat.h;sys/time.h;time.h;unistd.h;signal.h;errno.h;ansidecl.h exist failed with the following output:
Change Dir: /home/lakers/Downloads/VTK/CMakeFiles/CMakeTmp

Run Build Command:/usr/bin/make "cmTryCompileExec/fast"
/usr/bin/make -f CMakeFiles/cmTryCompileExec.dir/build.make CMakeFiles/cmTryCompileExec.dir/build
make[1]: Entering directory `/home/lakers/Downloads/VTK/CMakeFiles/CMakeTmp'
/usr/bin/cmake -E cmake_progress_report /home/lakers/Downloads/VTK/CMakeFiles/CMakeTmp/CMakeFiles 1
Building C object CMakeFiles/cmTryCompileExec.dir/CheckIncludeFiles.c.o
/usr/bin/mpicc  -D_GNU_SOURCE  -o CMakeFiles/cmTryCompileExec.dir/CheckIncludeFiles.c.o   -c /home/lakers/Downloads/VTK/CMakeFiles/CMakeTmp/CheckIncludeFiles.c
/home/lakers/Downloads/VTK/CMakeFiles/CMakeTmp/CheckIncludeFiles.c:25:22: fatal error: ansidecl.h: No such file or directory
compilation terminated.
make[1]: *** [CMakeFiles/cmTryCompileExec.dir/CheckIncludeFiles.c.o] Error 1
make[1]: Leaving directory `/home/lakers/Downloads/VTK/CMakeFiles/CMakeTmp'
make: *** [cmTryCompileExec/fast] Error 2

Source:
/* */
#include <stdio.h>
#include <stddef.h>
#include <sys/types.h>
#include <inttypes.h>
#include <dlfcn.h>
#include <fcntl.h>
#include <malloc.h>
#include <memory.h>
#include <netdb.h>
#include <limits.h>
#include <sys/socket.h>
#include <netinet/in.h>
#include <sys/select.h>
#include <stdint.h>
#include <stdlib.h>
#include <string.h>
#include <strings.h>
#include <sys/stat.h>
#include <sys/time.h>
#include <time.h>
#include <unistd.h>
#include <signal.h>
#include <errno.h>
#include <ansidecl.h>


int main(){return 0;}

Determining if files stdio.h;stddef.h;sys/types.h;inttypes.h;dlfcn.h;fcntl.h;malloc.h;memory.h;netdb.h;limits.h;sys/socket.h;netinet/in.h;sys/select.h;stdint.h;stdlib.h;string.h;strings.h;sys/stat.h;sys/time.h;time.h;unistd.h;signal.h;errno.h;arpa/inet.h;arpa/nameser.h;ctype.h;dirent.h;dl.h exist failed with the following output:
Change Dir: /home/lakers/Downloads/VTK/CMakeFiles/CMakeTmp

Run Build Command:/usr/bin/make "cmTryCompileExec/fast"
/usr/bin/make -f CMakeFiles/cmTryCompileExec.dir/build.make CMakeFiles/cmTryCompileExec.dir/build
make[1]: Entering directory `/home/lakers/Downloads/VTK/CMakeFiles/CMakeTmp'
/usr/bin/cmake -E cmake_progress_report /home/lakers/Downloads/VTK/CMakeFiles/CMakeTmp/CMakeFiles 1
Building C object CMakeFiles/cmTryCompileExec.dir/CheckIncludeFiles.c.o
/usr/bin/mpicc  -D_GNU_SOURCE  -o CMakeFiles/cmTryCompileExec.dir/CheckIncludeFiles.c.o   -c /home/lakers/Downloads/VTK/CMakeFiles/CMakeTmp/CheckIncludeFiles.c
/home/lakers/Downloads/VTK/CMakeFiles/CMakeTmp/CheckIncludeFiles.c:29:16: fatal error: dl.h: No such file or directory
compilation terminated.
make[1]: *** [CMakeFiles/cmTryCompileExec.dir/CheckIncludeFiles.c.o] Error 1
make[1]: Leaving directory `/home/lakers/Downloads/VTK/CMakeFiles/CMakeTmp'
make: *** [cmTryCompileExec/fast] Error 2

Source:
/* */
#include <stdio.h>
#include <stddef.h>
#include <sys/types.h>
#include <inttypes.h>
#include <dlfcn.h>
#include <fcntl.h>
#include <malloc.h>
#include <memory.h>
#include <netdb.h>
#include <limits.h>
#include <sys/socket.h>
#include <netinet/in.h>
#include <sys/select.h>
#include <stdint.h>
#include <stdlib.h>
#include <string.h>
#include <strings.h>
#include <sys/stat.h>
#include <sys/time.h>
#include <time.h>
#include <unistd.h>
#include <signal.h>
#include <errno.h>
#include <arpa/inet.h>
#include <arpa/nameser.h>
#include <ctype.h>
#include <dirent.h>
#include <dl.h>


int main(){return 0;}

Determining if files stdio.h;stddef.h;sys/types.h;inttypes.h;dlfcn.h;fcntl.h;malloc.h;memory.h;netdb.h;limits.h;sys/socket.h;netinet/in.h;sys/select.h;stdint.h;stdlib.h;string.h;strings.h;sys/stat.h;sys/time.h;time.h;unistd.h;signal.h;errno.h;arpa/inet.h;arpa/nameser.h;ctype.h;dirent.h;float.h;fp_class.h exist failed with the following output:
Change Dir: /home/lakers/Downloads/VTK/CMakeFiles/CMakeTmp

Run Build Command:/usr/bin/make "cmTryCompileExec/fast"
/usr/bin/make -f CMakeFiles/cmTryCompileExec.dir/build.make CMakeFiles/cmTryCompileExec.dir/build
make[1]: Entering directory `/home/lakers/Downloads/VTK/CMakeFiles/CMakeTmp'
/usr/bin/cmake -E cmake_progress_report /home/lakers/Downloads/VTK/CMakeFiles/CMakeTmp/CMakeFiles 1
Building C object CMakeFiles/cmTryCompileExec.dir/CheckIncludeFiles.c.o
/usr/bin/mpicc  -D_GNU_SOURCE  -o CMakeFiles/cmTryCompileExec.dir/CheckIncludeFiles.c.o   -c /home/lakers/Downloads/VTK/CMakeFiles/CMakeTmp/CheckIncludeFiles.c
/home/lakers/Downloads/VTK/CMakeFiles/CMakeTmp/CheckIncludeFiles.c:30:22: fatal error: fp_class.h: No such file or directory
compilation terminated.
make[1]: *** [CMakeFiles/cmTryCompileExec.dir/CheckIncludeFiles.c.o] Error 1
make[1]: Leaving directory `/home/lakers/Downloads/VTK/CMakeFiles/CMakeTmp'
make: *** [cmTryCompileExec/fast] Error 2

Source:
/* */
#include <stdio.h>
#include <stddef.h>
#include <sys/types.h>
#include <inttypes.h>
#include <dlfcn.h>
#include <fcntl.h>
#include <malloc.h>
#include <memory.h>
#include <netdb.h>
#include <limits.h>
#include <sys/socket.h>
#include <netinet/in.h>
#include <sys/select.h>
#include <stdint.h>
#include <stdlib.h>
#include <string.h>
#include <strings.h>
#include <sys/stat.h>
#include <sys/time.h>
#include <time.h>
#include <unistd.h>
#include <signal.h>
#include <errno.h>
#include <arpa/inet.h>
#include <arpa/nameser.h>
#include <ctype.h>
#include <dirent.h>
#include <float.h>
#include <fp_class.h>


int main(){return 0;}

Determining if files stdio.h;stddef.h;sys/types.h;inttypes.h;dlfcn.h;fcntl.h;malloc.h;memory.h;netdb.h;limits.h;sys/socket.h;netinet/in.h;sys/select.h;stdint.h;stdlib.h;string.h;strings.h;sys/stat.h;sys/time.h;time.h;unistd.h;signal.h;errno.h;arpa/inet.h;arpa/nameser.h;ctype.h;dirent.h;float.h;math.h;nan.h exist failed with the following output:
Change Dir: /home/lakers/Downloads/VTK/CMakeFiles/CMakeTmp

Run Build Command:/usr/bin/make "cmTryCompileExec/fast"
/usr/bin/make -f CMakeFiles/cmTryCompileExec.dir/build.make CMakeFiles/cmTryCompileExec.dir/build
make[1]: Entering directory `/home/lakers/Downloads/VTK/CMakeFiles/CMakeTmp'
/usr/bin/cmake -E cmake_progress_report /home/lakers/Downloads/VTK/CMakeFiles/CMakeTmp/CMakeFiles 1
Building C object CMakeFiles/cmTryCompileExec.dir/CheckIncludeFiles.c.o
/usr/bin/mpicc  -D_GNU_SOURCE  -o CMakeFiles/cmTryCompileExec.dir/CheckIncludeFiles.c.o   -c /home/lakers/Downloads/VTK/CMakeFiles/CMakeTmp/CheckIncludeFiles.c
/home/lakers/Downloads/VTK/CMakeFiles/CMakeTmp/CheckIncludeFiles.c:31:17: fatal error: nan.h: No such file or directory
compilation terminated.
make[1]: *** [CMakeFiles/cmTryCompileExec.dir/CheckIncludeFiles.c.o] Error 1
make[1]: Leaving directory `/home/lakers/Downloads/VTK/CMakeFiles/CMakeTmp'
make: *** [cmTryCompileExec/fast] Error 2

Source:
/* */
#include <stdio.h>
#include <stddef.h>
#include <sys/types.h>
#include <inttypes.h>
#include <dlfcn.h>
#include <fcntl.h>
#include <malloc.h>
#include <memory.h>
#include <netdb.h>
#include <limits.h>
#include <sys/socket.h>
#include <netinet/in.h>
#include <sys/select.h>
#include <stdint.h>
#include <stdlib.h>
#include <string.h>
#include <strings.h>
#include <sys/stat.h>
#include <sys/time.h>
#include <time.h>
#include <unistd.h>
#include <signal.h>
#include <errno.h>
#include <arpa/inet.h>
#include <arpa/nameser.h>
#include <ctype.h>
#include <dirent.h>
#include <float.h>
#include <math.h>
#include <nan.h>


int main(){return 0;}

Determining if files stdio.h;stddef.h;sys/types.h;inttypes.h;dlfcn.h;fcntl.h;malloc.h;memory.h;netdb.h;limits.h;sys/socket.h;netinet/in.h;sys/select.h;stdint.h;stdlib.h;string.h;strings.h;sys/stat.h;sys/time.h;time.h;unistd.h;signal.h;errno.h;arpa/inet.h;arpa/nameser.h;ctype.h;dirent.h;float.h;math.h;ndir.h exist failed with the following output:
Change Dir: /home/lakers/Downloads/VTK/CMakeFiles/CMakeTmp

Run Build Command:/usr/bin/make "cmTryCompileExec/fast"
/usr/bin/make -f CMakeFiles/cmTryCompileExec.dir/build.make CMakeFiles/cmTryCompileExec.dir/build
make[1]: Entering directory `/home/lakers/Downloads/VTK/CMakeFiles/CMakeTmp'
/usr/bin/cmake -E cmake_progress_report /home/lakers/Downloads/VTK/CMakeFiles/CMakeTmp/CMakeFiles 1
Building C object CMakeFiles/cmTryCompileExec.dir/CheckIncludeFiles.c.o
/usr/bin/mpicc  -D_GNU_SOURCE  -o CMakeFiles/cmTryCompileExec.dir/CheckIncludeFiles.c.o   -c /home/lakers/Downloads/VTK/CMakeFiles/CMakeTmp/CheckIncludeFiles.c
/home/lakers/Downloads/VTK/CMakeFiles/CMakeTmp/CheckIncludeFiles.c:31:18: fatal error: ndir.h: No such file or directory
compilation terminated.
make[1]: Leaving directory `/home/lakers/Downloads/VTK/CMakeFiles/CMakeTmp'
make[1]: *** [CMakeFiles/cmTryCompileExec.dir/CheckIncludeFiles.c.o] Error 1
make: *** [cmTryCompileExec/fast] Error 2

Source:
/* */
#include <stdio.h>
#include <stddef.h>
#include <sys/types.h>
#include <inttypes.h>
#include <dlfcn.h>
#include <fcntl.h>
#include <malloc.h>
#include <memory.h>
#include <netdb.h>
#include <limits.h>
#include <sys/socket.h>
#include <netinet/in.h>
#include <sys/select.h>
#include <stdint.h>
#include <stdlib.h>
#include <string.h>
#include <strings.h>
#include <sys/stat.h>
#include <sys/time.h>
#include <time.h>
#include <unistd.h>
#include <signal.h>
#include <errno.h>
#include <arpa/inet.h>
#include <arpa/nameser.h>
#include <ctype.h>
#include <dirent.h>
#include <float.h>
#include <math.h>
#include <ndir.h>


int main(){return 0;}

Determining if the fpclass exist failed with the following output:
Change Dir: /home/lakers/Downloads/VTK/CMakeFiles/CMakeTmp

Run Build Command:/usr/bin/make "cmTryCompileExec/fast"
/usr/bin/make -f CMakeFiles/cmTryCompileExec.dir/build.make CMakeFiles/cmTryCompileExec.dir/build
make[1]: Entering directory `/home/lakers/Downloads/VTK/CMakeFiles/CMakeTmp'
/usr/bin/cmake -E cmake_progress_report /home/lakers/Downloads/VTK/CMakeFiles/CMakeTmp/CMakeFiles 1
Building C object CMakeFiles/cmTryCompileExec.dir/CheckSymbolExists.c.o
/usr/bin/mpicc  -D_GNU_SOURCE  -o CMakeFiles/cmTryCompileExec.dir/CheckSymbolExists.c.o   -c /home/lakers/Downloads/VTK/CMakeFiles/CMakeTmp/CheckSymbolExists.c
/home/lakers/Downloads/VTK/CMakeFiles/CMakeTmp/CheckSymbolExists.c: In function ‘main’:
/home/lakers/Downloads/VTK/CMakeFiles/CMakeTmp/CheckSymbolExists.c:41:25: error: ‘fpclass’ undeclared (first use in this function)
/home/lakers/Downloads/VTK/CMakeFiles/CMakeTmp/CheckSymbolExists.c:41:25: note: each undeclared identifier is reported only once for each function it appears in
make[1]: *** [CMakeFiles/cmTryCompileExec.dir/CheckSymbolExists.c.o] Error 1
make[1]: Leaving directory `/home/lakers/Downloads/VTK/CMakeFiles/CMakeTmp'
make: *** [cmTryCompileExec/fast] Error 2

File /home/lakers/Downloads/VTK/CMakeFiles/CMakeTmp/CheckSymbolExists.c:
/* */
#include <stdio.h>
#include <stddef.h>
#include <sys/types.h>
#include <inttypes.h>
#include <dlfcn.h>
#include <fcntl.h>
#include <malloc.h>
#include <memory.h>
#include <netdb.h>
#include <limits.h>
#include <sys/socket.h>
#include <netinet/in.h>
#include <sys/select.h>
#include <stdint.h>
#include <stdlib.h>
#include <string.h>
#include <strings.h>
#include <sys/stat.h>
#include <sys/time.h>
#include <time.h>
#include <unistd.h>
#include <signal.h>
#include <errno.h>
#include <arpa/inet.h>
#include <arpa/nameser.h>
#include <ctype.h>
#include <dirent.h>
#include <float.h>
#include <math.h>
#include <pthread.h>
#include <resolv.h>
#include <stdarg.h>
#include <sys/mman.h>
#include <sys/timeb.h>

void cmakeRequireSymbol(int dummy,...){(void)dummy;}
int main()
{
#ifndef fpclass
  cmakeRequireSymbol(0,&fpclass);
#endif
  return 0;
}

Determining if the fp_class exist failed with the following output:
Change Dir: /home/lakers/Downloads/VTK/CMakeFiles/CMakeTmp

Run Build Command:/usr/bin/make "cmTryCompileExec/fast"
/usr/bin/make -f CMakeFiles/cmTryCompileExec.dir/build.make CMakeFiles/cmTryCompileExec.dir/build
make[1]: Entering directory `/home/lakers/Downloads/VTK/CMakeFiles/CMakeTmp'
/usr/bin/cmake -E cmake_progress_report /home/lakers/Downloads/VTK/CMakeFiles/CMakeTmp/CMakeFiles 1
Building C object CMakeFiles/cmTryCompileExec.dir/CheckSymbolExists.c.o
/usr/bin/mpicc  -D_GNU_SOURCE  -o CMakeFiles/cmTryCompileExec.dir/CheckSymbolExists.c.o   -c /home/lakers/Downloads/VTK/CMakeFiles/CMakeTmp/CheckSymbolExists.c
/home/lakers/Downloads/VTK/CMakeFiles/CMakeTmp/CheckSymbolExists.c: In function ‘main’:
/home/lakers/Downloads/VTK/CMakeFiles/CMakeTmp/CheckSymbolExists.c:41:25: error: ‘fp_class’ undeclared (first use in this function)
/home/lakers/Downloads/VTK/CMakeFiles/CMakeTmp/CheckSymbolExists.c:41:25: note: each undeclared identifier is reported only once for each function it appears in
make[1]: *** [CMakeFiles/cmTryCompileExec.dir/CheckSymbolExists.c.o] Error 1
make[1]: Leaving directory `/home/lakers/Downloads/VTK/CMakeFiles/CMakeTmp'
make: *** [cmTryCompileExec/fast] Error 2

File /home/lakers/Downloads/VTK/CMakeFiles/CMakeTmp/CheckSymbolExists.c:
/* */
#include <stdio.h>
#include <stddef.h>
#include <sys/types.h>
#include <inttypes.h>
#include <dlfcn.h>
#include <fcntl.h>
#include <malloc.h>
#include <memory.h>
#include <netdb.h>
#include <limits.h>
#include <sys/socket.h>
#include <netinet/in.h>
#include <sys/select.h>
#include <stdint.h>
#include <stdlib.h>
#include <string.h>
#include <strings.h>
#include <sys/stat.h>
#include <sys/time.h>
#include <time.h>
#include <unistd.h>
#include <signal.h>
#include <errno.h>
#include <arpa/inet.h>
#include <arpa/nameser.h>
#include <ctype.h>
#include <dirent.h>
#include <float.h>
#include <math.h>
#include <pthread.h>
#include <resolv.h>
#include <stdarg.h>
#include <sys/mman.h>
#include <sys/timeb.h>

void cmakeRequireSymbol(int dummy,...){(void)dummy;}
int main()
{
#ifndef fp_class
  cmakeRequireSymbol(0,&fp_class);
#endif
  return 0;
}

Determining if the _stat exist failed with the following output:
Change Dir: /home/lakers/Downloads/VTK/CMakeFiles/CMakeTmp

Run Build Command:/usr/bin/make "cmTryCompileExec/fast"
/usr/bin/make -f CMakeFiles/cmTryCompileExec.dir/build.make CMakeFiles/cmTryCompileExec.dir/build
make[1]: Entering directory `/home/lakers/Downloads/VTK/CMakeFiles/CMakeTmp'
/usr/bin/cmake -E cmake_progress_report /home/lakers/Downloads/VTK/CMakeFiles/CMakeTmp/CMakeFiles 1
Building C object CMakeFiles/cmTryCompileExec.dir/CheckSymbolExists.c.o
/usr/bin/mpicc  -D_GNU_SOURCE  -o CMakeFiles/cmTryCompileExec.dir/CheckSymbolExists.c.o   -c /home/lakers/Downloads/VTK/CMakeFiles/CMakeTmp/CheckSymbolExists.c
/home/lakers/Downloads/VTK/CMakeFiles/CMakeTmp/CheckSymbolExists.c: In function ‘main’:
/home/lakers/Downloads/VTK/CMakeFiles/CMakeTmp/CheckSymbolExists.c:41:25: error: ‘_stat’ undeclared (first use in this function)
/home/lakers/Downloads/VTK/CMakeFiles/CMakeTmp/CheckSymbolExists.c:41:25: note: each undeclared identifier is reported only once for each function it appears in
make[1]: *** [CMakeFiles/cmTryCompileExec.dir/CheckSymbolExists.c.o] Error 1
make[1]: Leaving directory `/home/lakers/Downloads/VTK/CMakeFiles/CMakeTmp'
make: *** [cmTryCompileExec/fast] Error 2

File /home/lakers/Downloads/VTK/CMakeFiles/CMakeTmp/CheckSymbolExists.c:
/* */
#include <stdio.h>
#include <stddef.h>
#include <sys/types.h>
#include <inttypes.h>
#include <dlfcn.h>
#include <fcntl.h>
#include <malloc.h>
#include <memory.h>
#include <netdb.h>
#include <limits.h>
#include <sys/socket.h>
#include <netinet/in.h>
#include <sys/select.h>
#include <stdint.h>
#include <stdlib.h>
#include <string.h>
#include <strings.h>
#include <sys/stat.h>
#include <sys/time.h>
#include <time.h>
#include <unistd.h>
#include <signal.h>
#include <errno.h>
#include <arpa/inet.h>
#include <arpa/nameser.h>
#include <ctype.h>
#include <dirent.h>
#include <float.h>
#include <math.h>
#include <pthread.h>
#include <resolv.h>
#include <stdarg.h>
#include <sys/mman.h>
#include <sys/timeb.h>

void cmakeRequireSymbol(int dummy,...){(void)dummy;}
int main()
{
#ifndef _stat
  cmakeRequireSymbol(0,&_stat);
#endif
  return 0;
}

Checking for DIR in sys/ndir.h failed to compile with the following output:
Change Dir: /home/lakers/Downloads/VTK/Utilities/vtklibxml2/CMakeFiles/CMakeTmp

Run Build Command:/usr/bin/make "cmTryCompileExec/fast"
/usr/bin/make -f CMakeFiles/cmTryCompileExec.dir/build.make CMakeFiles/cmTryCompileExec.dir/build
make[1]: Entering directory `/home/lakers/Downloads/VTK/Utilities/vtklibxml2/CMakeFiles/CMakeTmp'
/usr/bin/cmake -E cmake_progress_report /home/lakers/Downloads/VTK/Utilities/vtklibxml2/CMakeFiles/CMakeTmp/CMakeFiles 1
Building C object CMakeFiles/cmTryCompileExec.dir/platformTestsC.c.o
/usr/bin/mpicc  -DTEST_HAVE_SYS_NDIR_H  -o CMakeFiles/cmTryCompileExec.dir/platformTestsC.c.o   -c /home/lakers/Downloads/VTK/Utilities/vtklibxml2/platformTestsC.c
/home/lakers/Downloads/VTK/Utilities/vtklibxml2/platformTestsC.c:82:22: fatal error: sys/ndir.h: No such file or directory
compilation terminated.
make[1]: *** [CMakeFiles/cmTryCompileExec.dir/platformTestsC.c.o] Error 1
make[1]: Leaving directory `/home/lakers/Downloads/VTK/Utilities/vtklibxml2/CMakeFiles/CMakeTmp'
make: *** [cmTryCompileExec/fast] Error 2


Determining size of uchar failed with the following output:
Change Dir: /home/lakers/Downloads/VTK/CMakeFiles/CMakeTmp

Run Build Command:/usr/bin/make "cmTryCompileExec/fast"
/usr/bin/make -f CMakeFiles/cmTryCompileExec.dir/build.make CMakeFiles/cmTryCompileExec.dir/build
make[1]: Entering directory `/home/lakers/Downloads/VTK/CMakeFiles/CMakeTmp'
/usr/bin/cmake -E cmake_progress_report /home/lakers/Downloads/VTK/CMakeFiles/CMakeTmp/CMakeFiles 1
Building C object CMakeFiles/cmTryCompileExec.dir/SIZEOF_UCHAR.c.o
/usr/bin/mpicc    -o CMakeFiles/cmTryCompileExec.dir/SIZEOF_UCHAR.c.o   -c /home/lakers/Downloads/VTK/CMakeFiles/CheckTypeSize/SIZEOF_UCHAR.c
/home/lakers/Downloads/VTK/CMakeFiles/CheckTypeSize/SIZEOF_UCHAR.c:19:12: error: ‘uchar’ undeclared here (not in a function)
make[1]: *** [CMakeFiles/cmTryCompileExec.dir/SIZEOF_UCHAR.c.o] Error 1
make[1]: Leaving directory `/home/lakers/Downloads/VTK/CMakeFiles/CMakeTmp'
make: *** [cmTryCompileExec/fast] Error 2

/home/lakers/Downloads/VTK/CMakeFiles/CheckTypeSize/SIZEOF_UCHAR.c:
#include <sys/types.h>
#include <stdint.h>
#include <stddef.h>


#undef KEY
#if defined(__i386)
# define KEY '_','_','i','3','8','6'
#elif defined(__x86_64)
# define KEY '_','_','x','8','6','_','6','4'
#elif defined(__ppc__)
# define KEY '_','_','p','p','c','_','_'
#elif defined(__ppc64__)
# define KEY '_','_','p','p','c','6','4','_','_'
#endif

#define SIZE (sizeof(uchar))
char info_size[] =  {'I', 'N', 'F', 'O', ':', 's','i','z','e','[',
  ('0' + ((SIZE / 10000)%10)),
  ('0' + ((SIZE / 1000)%10)),
  ('0' + ((SIZE / 100)%10)),
  ('0' + ((SIZE / 10)%10)),
  ('0' +  (SIZE    % 10)),
  ']',
#ifdef KEY
  ' ','k','e','y','[', KEY, ']',
#endif
  '\0'};

#ifdef __CLASSIC_C__
int main(argc, argv) int argc; char *argv[];
#else
int main(int argc, char *argv[])
#endif
{
  int require = 0;
  require += info_size[argc];
  (void)argv;
  return require;
}


Determining if the isnan exist failed with the following output:
Change Dir: /home/lakers/Downloads/VTK/CMakeFiles/CMakeTmp

Run Build Command:/usr/bin/make "cmTryCompileExec/fast"
/usr/bin/make -f CMakeFiles/cmTryCompileExec.dir/build.make CMakeFiles/cmTryCompileExec.dir/build
make[1]: Entering directory `/home/lakers/Downloads/VTK/CMakeFiles/CMakeTmp'
/usr/bin/cmake -E cmake_progress_report /home/lakers/Downloads/VTK/CMakeFiles/CMakeTmp/CMakeFiles 1
Building C object CMakeFiles/cmTryCompileExec.dir/CheckSymbolExists.c.o
/usr/bin/mpicc    -o CMakeFiles/cmTryCompileExec.dir/CheckSymbolExists.c.o   -c /home/lakers/Downloads/VTK/CMakeFiles/CMakeTmp/CheckSymbolExists.c
/home/lakers/Downloads/VTK/CMakeFiles/CMakeTmp/CheckSymbolExists.c: In function ‘main’:
/home/lakers/Downloads/VTK/CMakeFiles/CMakeTmp/CheckSymbolExists.c:8:25: error: ‘isnan’ undeclared (first use in this function)
/home/lakers/Downloads/VTK/CMakeFiles/CMakeTmp/CheckSymbolExists.c:8:25: note: each undeclared identifier is reported only once for each function it appears in
make[1]: *** [CMakeFiles/cmTryCompileExec.dir/CheckSymbolExists.c.o] Error 1
make[1]: Leaving directory `/home/lakers/Downloads/VTK/CMakeFiles/CMakeTmp'
make: *** [cmTryCompileExec/fast] Error 2

File /home/lakers/Downloads/VTK/CMakeFiles/CMakeTmp/CheckSymbolExists.c:
/* */
#include <float.h>

void cmakeRequireSymbol(int dummy,...){(void)dummy;}
int main()
{
#ifndef isnan
  cmakeRequireSymbol(0,&isnan);
#endif
  return 0;
}

Determining if the _isnan exist failed with the following output:
Change Dir: /home/lakers/Downloads/VTK/CMakeFiles/CMakeTmp

Run Build Command:/usr/bin/make "cmTryCompileExec/fast"
/usr/bin/make -f CMakeFiles/cmTryCompileExec.dir/build.make CMakeFiles/cmTryCompileExec.dir/build
make[1]: Entering directory `/home/lakers/Downloads/VTK/CMakeFiles/CMakeTmp'
/usr/bin/cmake -E cmake_progress_report /home/lakers/Downloads/VTK/CMakeFiles/CMakeTmp/CMakeFiles 1
Building C object CMakeFiles/cmTryCompileExec.dir/CheckSymbolExists.c.o
/usr/bin/mpicc    -o CMakeFiles/cmTryCompileExec.dir/CheckSymbolExists.c.o   -c /home/lakers/Downloads/VTK/CMakeFiles/CMakeTmp/CheckSymbolExists.c
/home/lakers/Downloads/VTK/CMakeFiles/CMakeTmp/CheckSymbolExists.c: In function ‘main’:
/home/lakers/Downloads/VTK/CMakeFiles/CMakeTmp/CheckSymbolExists.c:8:25: error: ‘_isnan’ undeclared (first use in this function)
/home/lakers/Downloads/VTK/CMakeFiles/CMakeTmp/CheckSymbolExists.c:8:25: note: each undeclared identifier is reported only once for each function it appears in
make[1]: *** [CMakeFiles/cmTryCompileExec.dir/CheckSymbolExists.c.o] Error 1
make[1]: Leaving directory `/home/lakers/Downloads/VTK/CMakeFiles/CMakeTmp'
make: *** [cmTryCompileExec/fast] Error 2

File /home/lakers/Downloads/VTK/CMakeFiles/CMakeTmp/CheckSymbolExists.c:
/* */
#include <float.h>

void cmakeRequireSymbol(int dummy,...){(void)dummy;}
int main()
{
#ifndef _isnan
  cmakeRequireSymbol(0,&_isnan);
#endif
  return 0;
}

Determining if the isinf exist failed with the following output:
Change Dir: /home/lakers/Downloads/VTK/CMakeFiles/CMakeTmp

Run Build Command:/usr/bin/make "cmTryCompileExec/fast"
/usr/bin/make -f CMakeFiles/cmTryCompileExec.dir/build.make CMakeFiles/cmTryCompileExec.dir/build
make[1]: Entering directory `/home/lakers/Downloads/VTK/CMakeFiles/CMakeTmp'
/usr/bin/cmake -E cmake_progress_report /home/lakers/Downloads/VTK/CMakeFiles/CMakeTmp/CMakeFiles 1
Building C object CMakeFiles/cmTryCompileExec.dir/CheckSymbolExists.c.o
/usr/bin/mpicc    -o CMakeFiles/cmTryCompileExec.dir/CheckSymbolExists.c.o   -c /home/lakers/Downloads/VTK/CMakeFiles/CMakeTmp/CheckSymbolExists.c
/home/lakers/Downloads/VTK/CMakeFiles/CMakeTmp/CheckSymbolExists.c: In function ‘main’:
/home/lakers/Downloads/VTK/CMakeFiles/CMakeTmp/CheckSymbolExists.c:8:25: error: ‘isinf’ undeclared (first use in this function)
/home/lakers/Downloads/VTK/CMakeFiles/CMakeTmp/CheckSymbolExists.c:8:25: note: each undeclared identifier is reported only once for each function it appears in
make[1]: *** [CMakeFiles/cmTryCompileExec.dir/CheckSymbolExists.c.o] Error 1
make[1]: Leaving directory `/home/lakers/Downloads/VTK/CMakeFiles/CMakeTmp'
make: *** [cmTryCompileExec/fast] Error 2

File /home/lakers/Downloads/VTK/CMakeFiles/CMakeTmp/CheckSymbolExists.c:
/* */
#include <float.h>

void cmakeRequireSymbol(int dummy,...){(void)dummy;}
int main()
{
#ifndef isinf
  cmakeRequireSymbol(0,&isinf);
#endif
  return 0;
}

Determining if the function _isinf exists failed with the following output:
Change Dir: /home/lakers/Downloads/VTK/CMakeFiles/CMakeTmp

Run Build Command:/usr/bin/make "cmTryCompileExec/fast"
/usr/bin/make -f CMakeFiles/cmTryCompileExec.dir/build.make CMakeFiles/cmTryCompileExec.dir/build
make[1]: Entering directory `/home/lakers/Downloads/VTK/CMakeFiles/CMakeTmp'
/usr/bin/cmake -E cmake_progress_report /home/lakers/Downloads/VTK/CMakeFiles/CMakeTmp/CMakeFiles 1
Building C object CMakeFiles/cmTryCompileExec.dir/CheckFunctionExists.c.o
/usr/bin/mpicc   -DCHECK_FUNCTION_EXISTS=_isinf   -o CMakeFiles/cmTryCompileExec.dir/CheckFunctionExists.c.o   -c /usr/share/cmake-2.8/Modules/CheckFunctionExists.c
Linking C executable cmTryCompileExec
/usr/bin/cmake -E cmake_link_script CMakeFiles/cmTryCompileExec.dir/link.txt --verbose=1
/usr/bin/mpicc      -DCHECK_FUNCTION_EXISTS=_isinf    CMakeFiles/cmTryCompileExec.dir/CheckFunctionExists.c.o  -o cmTryCompileExec -rdynamic 
CMakeFiles/cmTryCompileExec.dir/CheckFunctionExists.c.o:CheckFunctionExists.c:function main: error: undefined reference to '_isinf'
collect2: ld returned 1 exit status
make[1]: *** [cmTryCompileExec] Error 1
make[1]: Leaving directory `/home/lakers/Downloads/VTK/CMakeFiles/CMakeTmp'
make: *** [cmTryCompileExec/fast] Error 2


Performing C SOURCE FILE Test GLX_DEFINES_TYPE_GLXextFuncPtr_AS_EMPTY failed with the following output:
Change Dir: /home/lakers/Downloads/VTK/CMakeFiles/CMakeTmp

Run Build Command:/usr/bin/make "cmTryCompileExec/fast"
/usr/bin/make -f CMakeFiles/cmTryCompileExec.dir/build.make CMakeFiles/cmTryCompileExec.dir/build
make[1]: Entering directory `/home/lakers/Downloads/VTK/CMakeFiles/CMakeTmp'
/usr/bin/cmake -E cmake_progress_report /home/lakers/Downloads/VTK/CMakeFiles/CMakeTmp/CMakeFiles 1
Building C object CMakeFiles/cmTryCompileExec.dir/src.c.o
/usr/bin/mpicc   -DGLX_DEFINES_TYPE_GLXextFuncPtr_AS_EMPTY   -o CMakeFiles/cmTryCompileExec.dir/src.c.o   -c /home/lakers/Downloads/VTK/CMakeFiles/CMakeTmp/src.c
/home/lakers/Downloads/VTK/CMakeFiles/CMakeTmp/src.c: In function ‘main’:
/home/lakers/Downloads/VTK/CMakeFiles/CMakeTmp/src.c:8:2: error: too many arguments to function ‘f’
make[1]: *** [CMakeFiles/cmTryCompileExec.dir/src.c.o] Error 1
make[1]: Leaving directory `/home/lakers/Downloads/VTK/CMakeFiles/CMakeTmp'
make: *** [cmTryCompileExec/fast] Error 2

Source file was:

#define GLX_GLXEXT_LEGACY
#include <GL/glx.h>
int main()
{
 __GLXextFuncPtr f;
 int x;
 f(x); /* fails if prototype is void, pass if prototype is empty. */

 return 0;
}

Performing C SOURCE FILE Test GLX_DECLARES_FUNCTION_glXGetProcAddressARB_AS_EMPTY failed with the following output:
Change Dir: /home/lakers/Downloads/VTK/CMakeFiles/CMakeTmp

Run Build Command:/usr/bin/make "cmTryCompileExec/fast"
/usr/bin/make -f CMakeFiles/cmTryCompileExec.dir/build.make CMakeFiles/cmTryCompileExec.dir/build
make[1]: Entering directory `/home/lakers/Downloads/VTK/CMakeFiles/CMakeTmp'
/usr/bin/cmake -E cmake_progress_report /home/lakers/Downloads/VTK/CMakeFiles/CMakeTmp/CMakeFiles 1
Building C object CMakeFiles/cmTryCompileExec.dir/src.c.o
/usr/bin/mpicc   -DGLX_DECLARES_FUNCTION_glXGetProcAddressARB_AS_EMPTY   -o CMakeFiles/cmTryCompileExec.dir/src.c.o   -c /home/lakers/Downloads/VTK/CMakeFiles/CMakeTmp/src.c
/home/lakers/Downloads/VTK/CMakeFiles/CMakeTmp/src.c: In function ‘main’:
/home/lakers/Downloads/VTK/CMakeFiles/CMakeTmp/src.c:8:2: error: too many arguments to function ‘glXGetProcAddressARB((const GLubyte *)"aRandomFunction")’
make[1]: *** [CMakeFiles/cmTryCompileExec.dir/src.c.o] Error 1
make[1]: Leaving directory `/home/lakers/Downloads/VTK/CMakeFiles/CMakeTmp'
make: *** [cmTryCompileExec/fast] Error 2

Source file was:

#define GLX_GLXEXT_LEGACY
#include <GL/glx.h>
int main()
{
 int x;
 /* fails if prototype is void, pass if prototype is empty. */
 glXGetProcAddressARB((const GLubyte *)("aRandomFunction"))(x);
 return 0;
}

Performing C SOURCE FILE Test GLX_DECLARES_FUNCTION_glXGetProcAddress_AS_EMPTY failed with the following output:
Change Dir: /home/lakers/Downloads/VTK/CMakeFiles/CMakeTmp

Run Build Command:/usr/bin/make "cmTryCompileExec/fast"
/usr/bin/make -f CMakeFiles/cmTryCompileExec.dir/build.make CMakeFiles/cmTryCompileExec.dir/build
make[1]: Entering directory `/home/lakers/Downloads/VTK/CMakeFiles/CMakeTmp'
/usr/bin/cmake -E cmake_progress_report /home/lakers/Downloads/VTK/CMakeFiles/CMakeTmp/CMakeFiles 1
Building C object CMakeFiles/cmTryCompileExec.dir/src.c.o
/usr/bin/mpicc   -DGLX_DECLARES_FUNCTION_glXGetProcAddress_AS_EMPTY   -o CMakeFiles/cmTryCompileExec.dir/src.c.o   -c /home/lakers/Downloads/VTK/CMakeFiles/CMakeTmp/src.c
/home/lakers/Downloads/VTK/CMakeFiles/CMakeTmp/src.c: In function ‘main’:
/home/lakers/Downloads/VTK/CMakeFiles/CMakeTmp/src.c:8:2: error: too many arguments to function ‘glXGetProcAddress((const GLubyte *)"aRandomFunction")’
make[1]: *** [CMakeFiles/cmTryCompileExec.dir/src.c.o] Error 1
make[1]: Leaving directory `/home/lakers/Downloads/VTK/CMakeFiles/CMakeTmp'
make: *** [cmTryCompileExec/fast] Error 2

Source file was:

#define GLX_GLXEXT_LEGACY
#include <GL/glx.h>
int main()
{
 int x;
 /* fails if prototype is void, pass if prototype is empty. */
 glXGetProcAddress((const GLubyte *)("aRandomFunction"))(x);
 return 0;
}

